{"D:\\Binay Uppen Sharma- I0344\\Projects\\TaskFlows - Final\\taskflows-frontend\\src\\config.js": {"path":"D:\\Binay Uppen Sharma- I0344\\Projects\\TaskFlows - Final\\taskflows-frontend\\src\\config.js","statementMap":{"0":{"start":{"line":2,"column":21},"end":{"line":2,"column":null}},"1":{"start":{"line":4,"column":28},"end":{"line":6,"column":null}}},"fnMap":{},"branchMap":{"0":{"loc":{"start":{"line":4,"column":28},"end":{"line":6,"column":null}},"type":"cond-expr","locations":[{"start":{"line":5,"column":4},"end":{"line":5,"column":null}},{"start":{"line":6,"column":4},"end":{"line":6,"column":null}}],"line":4}},"s":{"0":12,"1":12},"f":{},"b":{"0":[0,12]},"meta":{"lastBranch":1,"lastFunction":0,"lastStatement":2,"seen":{"s:2:21:2:Infinity":0,"s:4:28:6:Infinity":1,"b:5:4:5:Infinity:6:4:6:Infinity":0}}}
,"D:\\Binay Uppen Sharma- I0344\\Projects\\TaskFlows - Final\\taskflows-frontend\\src\\app\\ProtectedRoute.jsx": {"path":"D:\\Binay Uppen Sharma- I0344\\Projects\\TaskFlows - Final\\taskflows-frontend\\src\\app\\ProtectedRoute.jsx","statementMap":{"0":{"start":{"line":7,"column":6},"end":{"line":34,"column":null}},"1":{"start":{"line":9,"column":40},"end":{"line":10,"column":null}},"2":{"start":{"line":10,"column":15},"end":{"line":10,"column":null}},"3":{"start":{"line":14,"column":2},"end":{"line":18,"column":null}},"4":{"start":{"line":15,"column":4},"end":{"line":18,"column":null}},"5":{"start":{"line":23,"column":2},"end":{"line":24,"column":null}},"6":{"start":{"line":24,"column":4},"end":{"line":24,"column":null}},"7":{"start":{"line":28,"column":2},"end":{"line":30,"column":null}},"8":{"start":{"line":29,"column":23},"end":{"line":29,"column":null}},"9":{"start":{"line":30,"column":4},"end":{"line":30,"column":null}},"10":{"start":{"line":34,"column":2},"end":{"line":34,"column":null}}},"fnMap":{"0":{"name":"(anonymous_0)","decl":{"start":{"line":7,"column":6},"end":{"line":7,"column":24}},"loc":{"start":{"line":7,"column":62},"end":{"line":34,"column":null}},"line":7},"1":{"name":"(anonymous_1)","decl":{"start":{"line":9,"column":54},"end":{"line":9,"column":null}},"loc":{"start":{"line":10,"column":15},"end":{"line":10,"column":null}},"line":10}},"branchMap":{"0":{"loc":{"start":{"line":7,"column":36},"end":{"line":7,"column":62}},"type":"default-arg","locations":[{"start":{"line":7,"column":51},"end":{"line":7,"column":62}}],"line":7},"1":{"loc":{"start":{"line":14,"column":2},"end":{"line":18,"column":null}},"type":"if","locations":[{"start":{"line":14,"column":2},"end":{"line":18,"column":null}},{"start":{},"end":{}}],"line":14},"2":{"loc":{"start":{"line":23,"column":2},"end":{"line":24,"column":null}},"type":"if","locations":[{"start":{"line":23,"column":2},"end":{"line":24,"column":null}},{"start":{},"end":{}}],"line":23},"3":{"loc":{"start":{"line":28,"column":2},"end":{"line":30,"column":null}},"type":"if","locations":[{"start":{"line":28,"column":2},"end":{"line":30,"column":null}},{"start":{},"end":{}}],"line":28},"4":{"loc":{"start":{"line":28,"column":6},"end":{"line":28,"column":58}},"type":"binary-expr","locations":[{"start":{"line":28,"column":6},"end":{"line":28,"column":22}},{"start":{"line":28,"column":22},"end":{"line":28,"column":58}}],"line":28},"5":{"loc":{"start":{"line":29,"column":23},"end":{"line":29,"column":null}},"type":"cond-expr","locations":[{"start":{"line":29,"column":57},"end":{"line":29,"column":68}},{"start":{"line":29,"column":68},"end":{"line":29,"column":null}}],"line":29}},"s":{"0":1,"1":1,"2":2,"3":1,"4":0,"5":1,"6":0,"7":1,"8":1,"9":1,"10":0},"f":{"0":1,"1":2},"b":{"0":[1],"1":[0,1],"2":[0,1],"3":[1,0],"4":[1,1],"5":[1,0]},"meta":{"lastBranch":6,"lastFunction":2,"lastStatement":11,"seen":{"s:7:6:34:Infinity":0,"f:7:6:7:24":0,"b:7:51:7:62":0,"s:9:40:10:Infinity":1,"f:9:54:9:Infinity":1,"s:10:15:10:Infinity":2,"b:14:2:18:Infinity:undefined:undefined:undefined:undefined":1,"s:14:2:18:Infinity":3,"s:15:4:18:Infinity":4,"b:23:2:24:Infinity:undefined:undefined:undefined:undefined":2,"s:23:2:24:Infinity":5,"s:24:4:24:Infinity":6,"b:28:2:30:Infinity:undefined:undefined:undefined:undefined":3,"s:28:2:30:Infinity":7,"b:28:6:28:22:28:22:28:58":4,"s:29:23:29:Infinity":8,"b:29:57:29:68:29:68:29:Infinity":5,"s:30:4:30:Infinity":9,"s:34:2:34:Infinity":10}}}
,"D:\\Binay Uppen Sharma- I0344\\Projects\\TaskFlows - Final\\taskflows-frontend\\src\\components\\common\\DurationInput.jsx": {"path":"D:\\Binay Uppen Sharma- I0344\\Projects\\TaskFlows - Final\\taskflows-frontend\\src\\components\\common\\DurationInput.jsx","statementMap":{"0":{"start":{"line":3,"column":6},"end":{"line":80,"column":null}},"1":{"start":{"line":12,"column":8},"end":{"line":12,"column":46}},"2":{"start":{"line":12,"column":29},"end":{"line":12,"column":46}},"3":{"start":{"line":16,"column":4},"end":{"line":16,"column":null}},"4":{"start":{"line":20,"column":4},"end":{"line":20,"column":null}},"5":{"start":{"line":23,"column":21},"end":{"line":23,"column":null}},"6":{"start":{"line":25,"column":2},"end":{"line":80,"column":null}},"7":{"start":{"line":40,"column":27},"end":{"line":40,"column":50}},"8":{"start":{"line":57,"column":27},"end":{"line":57,"column":51}},"9":{"start":{"line":74,"column":27},"end":{"line":74,"column":53}}},"fnMap":{"0":{"name":"(anonymous_0)","decl":{"start":{"line":3,"column":6},"end":{"line":3,"column":23}},"loc":{"start":{"line":11,"column":6},"end":{"line":80,"column":null}},"line":11},"1":{"name":"(anonymous_1)","decl":{"start":{"line":12,"column":8},"end":{"line":12,"column":23}},"loc":{"start":{"line":12,"column":29},"end":{"line":12,"column":46}},"line":12},"2":{"name":"(anonymous_2)","decl":{"start":{"line":40,"column":10},"end":{"line":40,"column":21}},"loc":{"start":{"line":40,"column":27},"end":{"line":40,"column":50}},"line":40},"3":{"name":"(anonymous_3)","decl":{"start":{"line":57,"column":10},"end":{"line":57,"column":21}},"loc":{"start":{"line":57,"column":27},"end":{"line":57,"column":51}},"line":57},"4":{"name":"(anonymous_4)","decl":{"start":{"line":74,"column":10},"end":{"line":74,"column":21}},"loc":{"start":{"line":74,"column":27},"end":{"line":74,"column":53}},"line":74}},"branchMap":{"0":{"loc":{"start":{"line":28,"column":8},"end":{"line":30,"column":null}},"type":"cond-expr","locations":[{"start":{"line":29,"column":12},"end":{"line":29,"column":null}},{"start":{"line":30,"column":12},"end":{"line":30,"column":null}}],"line":28}},"s":{"0":4,"1":13,"2":0,"3":13,"4":13,"5":13,"6":13,"7":1,"8":0,"9":0},"f":{"0":13,"1":0,"2":1,"3":0,"4":0},"b":{"0":[0,13]},"meta":{"lastBranch":1,"lastFunction":5,"lastStatement":10,"seen":{"s:3:6:80:Infinity":0,"f:3:6:3:23":0,"s:12:8:12:46":1,"f:12:8:12:23":1,"s:12:29:12:46":2,"s:16:4:16:Infinity":3,"s:20:4:20:Infinity":4,"s:23:21:23:Infinity":5,"s:25:2:80:Infinity":6,"b:29:12:29:Infinity:30:12:30:Infinity":0,"f:40:10:40:21":2,"s:40:27:40:50":7,"f:57:10:57:21":3,"s:57:27:57:51":8,"f:74:10:74:21":4,"s:74:27:74:53":9}}}
,"D:\\Binay Uppen Sharma- I0344\\Projects\\TaskFlows - Final\\taskflows-frontend\\src\\components\\common\\ProtectedRoute.jsx": {"path":"D:\\Binay Uppen Sharma- I0344\\Projects\\TaskFlows - Final\\taskflows-frontend\\src\\components\\common\\ProtectedRoute.jsx","statementMap":{"0":{"start":{"line":6,"column":6},"end":{"line":42,"column":null}},"1":{"start":{"line":11,"column":40},"end":{"line":12,"column":null}},"2":{"start":{"line":12,"column":15},"end":{"line":12,"column":null}},"3":{"start":{"line":16,"column":2},"end":{"line":17,"column":null}},"4":{"start":{"line":17,"column":4},"end":{"line":17,"column":null}},"5":{"start":{"line":21,"column":2},"end":{"line":22,"column":null}},"6":{"start":{"line":22,"column":4},"end":{"line":22,"column":null}},"7":{"start":{"line":26,"column":15},"end":{"line":26,"column":null}},"8":{"start":{"line":29,"column":2},"end":{"line":32,"column":null}},"9":{"start":{"line":31,"column":19},"end":{"line":31,"column":null}},"10":{"start":{"line":32,"column":4},"end":{"line":32,"column":null}},"11":{"start":{"line":36,"column":2},"end":{"line":38,"column":null}},"12":{"start":{"line":37,"column":19},"end":{"line":37,"column":null}},"13":{"start":{"line":38,"column":4},"end":{"line":38,"column":null}},"14":{"start":{"line":42,"column":2},"end":{"line":42,"column":null}}},"fnMap":{"0":{"name":"(anonymous_0)","decl":{"start":{"line":6,"column":6},"end":{"line":6,"column":24}},"loc":{"start":{"line":10,"column":6},"end":{"line":42,"column":null}},"line":10},"1":{"name":"(anonymous_1)","decl":{"start":{"line":11,"column":54},"end":{"line":11,"column":null}},"loc":{"start":{"line":12,"column":15},"end":{"line":12,"column":null}},"line":12}},"branchMap":{"0":{"loc":{"start":{"line":8,"column":2},"end":{"line":8,"column":null}},"type":"default-arg","locations":[{"start":{"line":8,"column":17},"end":{"line":8,"column":null}}],"line":8},"1":{"loc":{"start":{"line":9,"column":2},"end":{"line":9,"column":null}},"type":"default-arg","locations":[{"start":{"line":9,"column":17},"end":{"line":9,"column":null}}],"line":9},"2":{"loc":{"start":{"line":16,"column":2},"end":{"line":17,"column":null}},"type":"if","locations":[{"start":{"line":16,"column":2},"end":{"line":17,"column":null}},{"start":{},"end":{}}],"line":16},"3":{"loc":{"start":{"line":21,"column":2},"end":{"line":22,"column":null}},"type":"if","locations":[{"start":{"line":21,"column":2},"end":{"line":22,"column":null}},{"start":{},"end":{}}],"line":21},"4":{"loc":{"start":{"line":29,"column":2},"end":{"line":32,"column":null}},"type":"if","locations":[{"start":{"line":29,"column":2},"end":{"line":32,"column":null}},{"start":{},"end":{}}],"line":29},"5":{"loc":{"start":{"line":29,"column":6},"end":{"line":29,"column":50}},"type":"binary-expr","locations":[{"start":{"line":29,"column":6},"end":{"line":29,"column":22}},{"start":{"line":29,"column":22},"end":{"line":29,"column":50}}],"line":29},"6":{"loc":{"start":{"line":31,"column":19},"end":{"line":31,"column":null}},"type":"cond-expr","locations":[{"start":{"line":31,"column":40},"end":{"line":31,"column":61}},{"start":{"line":31,"column":61},"end":{"line":31,"column":null}}],"line":31},"7":{"loc":{"start":{"line":36,"column":2},"end":{"line":38,"column":null}},"type":"if","locations":[{"start":{"line":36,"column":2},"end":{"line":38,"column":null}},{"start":{},"end":{}}],"line":36},"8":{"loc":{"start":{"line":36,"column":6},"end":{"line":36,"column":45}},"type":"binary-expr","locations":[{"start":{"line":36,"column":6},"end":{"line":36,"column":22}},{"start":{"line":36,"column":22},"end":{"line":36,"column":45}}],"line":36},"9":{"loc":{"start":{"line":37,"column":19},"end":{"line":37,"column":null}},"type":"cond-expr","locations":[{"start":{"line":37,"column":40},"end":{"line":37,"column":61}},{"start":{"line":37,"column":61},"end":{"line":37,"column":null}}],"line":37}},"s":{"0":1,"1":3,"2":6,"3":3,"4":0,"5":3,"6":1,"7":2,"8":3,"9":0,"10":0,"11":2,"12":1,"13":1,"14":1},"f":{"0":3,"1":6},"b":{"0":[3],"1":[3],"2":[0,3],"3":[1,2],"4":[0,3],"5":[3,0],"6":[0,0],"7":[1,1],"8":[2,1],"9":[0,1]},"meta":{"lastBranch":10,"lastFunction":2,"lastStatement":15,"seen":{"s:6:6:42:Infinity":0,"f:6:6:6:24":0,"b:8:17:8:Infinity":0,"b:9:17:9:Infinity":1,"s:11:40:12:Infinity":1,"f:11:54:11:Infinity":1,"s:12:15:12:Infinity":2,"b:16:2:17:Infinity:undefined:undefined:undefined:undefined":2,"s:16:2:17:Infinity":3,"s:17:4:17:Infinity":4,"b:21:2:22:Infinity:undefined:undefined:undefined:undefined":3,"s:21:2:22:Infinity":5,"s:22:4:22:Infinity":6,"s:26:15:26:Infinity":7,"b:29:2:32:Infinity:undefined:undefined:undefined:undefined":4,"s:29:2:32:Infinity":8,"b:29:6:29:22:29:22:29:50":5,"s:31:19:31:Infinity":9,"b:31:40:31:61:31:61:31:Infinity":6,"s:32:4:32:Infinity":10,"b:36:2:38:Infinity:undefined:undefined:undefined:undefined":7,"s:36:2:38:Infinity":11,"b:36:6:36:22:36:22:36:45":8,"s:37:19:37:Infinity":12,"b:37:40:37:61:37:61:37:Infinity":9,"s:38:4:38:Infinity":13,"s:42:2:42:Infinity":14}}}
,"D:\\Binay Uppen Sharma- I0344\\Projects\\TaskFlows - Final\\taskflows-frontend\\src\\features\\auth\\LoginRegister.jsx": {"path":"D:\\Binay Uppen Sharma- I0344\\Projects\\TaskFlows - Final\\taskflows-frontend\\src\\features\\auth\\LoginRegister.jsx","statementMap":{"0":{"start":{"line":8,"column":6},"end":{"line":317,"column":null}},"1":{"start":{"line":9,"column":17},"end":{"line":9,"column":42}},"2":{"start":{"line":10,"column":8},"end":{"line":10,"column":32}},"3":{"start":{"line":11,"column":8},"end":{"line":11,"column":32}},"4":{"start":{"line":17,"column":4},"end":{"line":18,"column":40}},"5":{"start":{"line":18,"column":29},"end":{"line":18,"column":40}},"6":{"start":{"line":20,"column":24},"end":{"line":20,"column":56}},"7":{"start":{"line":21,"column":24},"end":{"line":21,"column":56}},"8":{"start":{"line":23,"column":23},"end":{"line":23,"column":54}},"9":{"start":{"line":24,"column":27},"end":{"line":24,"column":62}},"10":{"start":{"line":25,"column":24},"end":{"line":25,"column":56}},"11":{"start":{"line":26,"column":27},"end":{"line":26,"column":62}},"12":{"start":{"line":27,"column":21},"end":{"line":27,"column":53}},"13":{"start":{"line":28,"column":21},"end":{"line":28,"column":50}},"14":{"start":{"line":30,"column":2},"end":{"line":32,"column":null}},"15":{"start":{"line":31,"column":4},"end":{"line":31,"column":null}},"16":{"start":{"line":31,"column":25},"end":{"line":31,"column":null}},"17":{"start":{"line":34,"column":2},"end":{"line":45,"column":null}},"18":{"start":{"line":35,"column":4},"end":{"line":43,"column":null}},"19":{"start":{"line":36,"column":6},"end":{"line":36,"column":null}},"20":{"start":{"line":37,"column":6},"end":{"line":37,"column":null}},"21":{"start":{"line":38,"column":6},"end":{"line":38,"column":null}},"22":{"start":{"line":39,"column":6},"end":{"line":39,"column":null}},"23":{"start":{"line":40,"column":6},"end":{"line":40,"column":null}},"24":{"start":{"line":41,"column":6},"end":{"line":41,"column":null}},"25":{"start":{"line":42,"column":6},"end":{"line":42,"column":null}},"26":{"start":{"line":43,"column":6},"end":{"line":43,"column":null}},"27":{"start":{"line":47,"column":8},"end":{"line":51,"column":null}},"28":{"start":{"line":48,"column":4},"end":{"line":48,"column":null}},"29":{"start":{"line":49,"column":4},"end":{"line":51,"column":null}},"30":{"start":{"line":54,"column":8},"end":{"line":80,"column":null}},"31":{"start":{"line":55,"column":4},"end":{"line":55,"column":null}},"32":{"start":{"line":56,"column":22},"end":{"line":56,"column":24}},"33":{"start":{"line":58,"column":4},"end":{"line":58,"column":null}},"34":{"start":{"line":58,"column":30},"end":{"line":58,"column":null}},"35":{"start":{"line":59,"column":4},"end":{"line":59,"column":null}},"36":{"start":{"line":59,"column":34},"end":{"line":59,"column":null}},"37":{"start":{"line":60,"column":4},"end":{"line":64,"column":null}},"38":{"start":{"line":64,"column":6},"end":{"line":64,"column":null}},"39":{"start":{"line":65,"column":4},"end":{"line":66,"column":null}},"40":{"start":{"line":66,"column":6},"end":{"line":66,"column":null}},"41":{"start":{"line":67,"column":4},"end":{"line":67,"column":null}},"42":{"start":{"line":67,"column":21},"end":{"line":67,"column":null}},"43":{"start":{"line":69,"column":4},"end":{"line":69,"column":null}},"44":{"start":{"line":70,"column":4},"end":{"line":70,"column":null}},"45":{"start":{"line":70,"column":43},"end":{"line":70,"column":null}},"46":{"start":{"line":72,"column":4},"end":{"line":80,"column":null}},"47":{"start":{"line":83,"column":8},"end":{"line":86,"column":null}},"48":{"start":{"line":84,"column":4},"end":{"line":84,"column":null}},"49":{"start":{"line":85,"column":4},"end":{"line":85,"column":null}},"50":{"start":{"line":86,"column":4},"end":{"line":86,"column":null}},"51":{"start":{"line":89,"column":8},"end":{"line":92,"column":null}},"52":{"start":{"line":90,"column":4},"end":{"line":90,"column":null}},"53":{"start":{"line":91,"column":4},"end":{"line":91,"column":null}},"54":{"start":{"line":92,"column":4},"end":{"line":92,"column":null}},"55":{"start":{"line":95,"column":2},"end":{"line":317,"column":null}},"56":{"start":{"line":132,"column":35},"end":{"line":132,"column":67}},"57":{"start":{"line":144,"column":35},"end":{"line":144,"column":67}},"58":{"start":{"line":201,"column":35},"end":{"line":201,"column":66}},"59":{"start":{"line":217,"column":35},"end":{"line":217,"column":70}},"60":{"start":{"line":235,"column":35},"end":{"line":235,"column":67}},"61":{"start":{"line":253,"column":35},"end":{"line":253,"column":70}},"62":{"start":{"line":271,"column":37},"end":{"line":271,"column":68}}},"fnMap":{"0":{"name":"(anonymous_0)","decl":{"start":{"line":8,"column":6},"end":{"line":8,"column":28}},"loc":{"start":{"line":8,"column":28},"end":{"line":317,"column":null}},"line":8},"1":{"name":"(anonymous_1)","decl":{"start":{"line":18,"column":6},"end":{"line":18,"column":19}},"loc":{"start":{"line":18,"column":29},"end":{"line":18,"column":40}},"line":18},"2":{"name":"(anonymous_2)","decl":{"start":{"line":30,"column":2},"end":{"line":30,"column":18}},"loc":{"start":{"line":30,"column":18},"end":{"line":32,"column":6}},"line":30},"3":{"name":"(anonymous_3)","decl":{"start":{"line":34,"column":2},"end":{"line":34,"column":18}},"loc":{"start":{"line":34,"column":18},"end":{"line":45,"column":6}},"line":34},"4":{"name":"(anonymous_4)","decl":{"start":{"line":47,"column":8},"end":{"line":47,"column":23}},"loc":{"start":{"line":47,"column":29},"end":{"line":51,"column":null}},"line":47},"5":{"name":"(anonymous_5)","decl":{"start":{"line":54,"column":8},"end":{"line":54,"column":26}},"loc":{"start":{"line":54,"column":32},"end":{"line":80,"column":null}},"line":54},"6":{"name":"(anonymous_6)","decl":{"start":{"line":83,"column":8},"end":{"line":83,"column":24}},"loc":{"start":{"line":83,"column":30},"end":{"line":86,"column":null}},"line":83},"7":{"name":"(anonymous_7)","decl":{"start":{"line":89,"column":8},"end":{"line":89,"column":21}},"loc":{"start":{"line":89,"column":27},"end":{"line":92,"column":null}},"line":89},"8":{"name":"(anonymous_8)","decl":{"start":{"line":132,"column":18},"end":{"line":132,"column":29}},"loc":{"start":{"line":132,"column":35},"end":{"line":132,"column":67}},"line":132},"9":{"name":"(anonymous_9)","decl":{"start":{"line":144,"column":18},"end":{"line":144,"column":29}},"loc":{"start":{"line":144,"column":35},"end":{"line":144,"column":67}},"line":144},"10":{"name":"(anonymous_10)","decl":{"start":{"line":201,"column":18},"end":{"line":201,"column":29}},"loc":{"start":{"line":201,"column":35},"end":{"line":201,"column":66}},"line":201},"11":{"name":"(anonymous_11)","decl":{"start":{"line":217,"column":18},"end":{"line":217,"column":29}},"loc":{"start":{"line":217,"column":35},"end":{"line":217,"column":70}},"line":217},"12":{"name":"(anonymous_12)","decl":{"start":{"line":235,"column":18},"end":{"line":235,"column":29}},"loc":{"start":{"line":235,"column":35},"end":{"line":235,"column":67}},"line":235},"13":{"name":"(anonymous_13)","decl":{"start":{"line":253,"column":18},"end":{"line":253,"column":29}},"loc":{"start":{"line":253,"column":35},"end":{"line":253,"column":70}},"line":253},"14":{"name":"(anonymous_14)","decl":{"start":{"line":271,"column":20},"end":{"line":271,"column":31}},"loc":{"start":{"line":271,"column":37},"end":{"line":271,"column":68}},"line":271}},"branchMap":{"0":{"loc":{"start":{"line":31,"column":4},"end":{"line":31,"column":null}},"type":"if","locations":[{"start":{"line":31,"column":4},"end":{"line":31,"column":null}},{"start":{},"end":{}}],"line":31},"1":{"loc":{"start":{"line":35,"column":4},"end":{"line":43,"column":null}},"type":"if","locations":[{"start":{"line":35,"column":4},"end":{"line":43,"column":null}},{"start":{},"end":{}}],"line":35},"2":{"loc":{"start":{"line":58,"column":4},"end":{"line":58,"column":null}},"type":"if","locations":[{"start":{"line":58,"column":4},"end":{"line":58,"column":null}},{"start":{},"end":{}}],"line":58},"3":{"loc":{"start":{"line":59,"column":4},"end":{"line":59,"column":null}},"type":"if","locations":[{"start":{"line":59,"column":4},"end":{"line":59,"column":null}},{"start":{},"end":{}}],"line":59},"4":{"loc":{"start":{"line":60,"column":4},"end":{"line":64,"column":null}},"type":"if","locations":[{"start":{"line":60,"column":4},"end":{"line":64,"column":null}},{"start":{},"end":{}}],"line":60},"5":{"loc":{"start":{"line":61,"column":6},"end":{"line":62,"column":55}},"type":"binary-expr","locations":[{"start":{"line":61,"column":6},"end":{"line":61,"column":27}},{"start":{"line":62,"column":6},"end":{"line":62,"column":55}}],"line":61},"6":{"loc":{"start":{"line":65,"column":4},"end":{"line":66,"column":null}},"type":"if","locations":[{"start":{"line":65,"column":4},"end":{"line":66,"column":null}},{"start":{},"end":{}}],"line":65},"7":{"loc":{"start":{"line":67,"column":4},"end":{"line":67,"column":null}},"type":"if","locations":[{"start":{"line":67,"column":4},"end":{"line":67,"column":null}},{"start":{},"end":{}}],"line":67},"8":{"loc":{"start":{"line":70,"column":4},"end":{"line":70,"column":null}},"type":"if","locations":[{"start":{"line":70,"column":4},"end":{"line":70,"column":null}},{"start":{},"end":{}}],"line":70},"9":{"loc":{"start":{"line":107,"column":12},"end":{"line":107,"column":null}},"type":"cond-expr","locations":[{"start":{"line":107,"column":34},"end":{"line":107,"column":55}},{"start":{"line":107,"column":55},"end":{"line":107,"column":null}}],"line":107},"10":{"loc":{"start":{"line":113,"column":14},"end":{"line":115,"column":null}},"type":"cond-expr","locations":[{"start":{"line":114,"column":18},"end":{"line":114,"column":null}},{"start":{"line":115,"column":18},"end":{"line":115,"column":null}}],"line":113},"11":{"loc":{"start":{"line":150,"column":15},"end":{"line":155,"column":null}},"type":"binary-expr","locations":[{"start":{"line":150,"column":15},"end":{"line":150,"column":38}},{"start":{"line":150,"column":38},"end":{"line":150,"column":null}},{"start":{"line":151,"column":16},"end":{"line":155,"column":null}}],"line":150},"12":{"loc":{"start":{"line":163,"column":17},"end":{"line":163,"column":null}},"type":"cond-expr","locations":[{"start":{"line":163,"column":29},"end":{"line":163,"column":47}},{"start":{"line":163,"column":47},"end":{"line":163,"column":null}}],"line":163},"13":{"loc":{"start":{"line":184,"column":14},"end":{"line":186,"column":null}},"type":"cond-expr","locations":[{"start":{"line":185,"column":18},"end":{"line":185,"column":null}},{"start":{"line":186,"column":18},"end":{"line":186,"column":null}}],"line":184},"14":{"loc":{"start":{"line":203,"column":20},"end":{"line":203,"column":null}},"type":"cond-expr","locations":[{"start":{"line":203,"column":38},"end":{"line":203,"column":57}},{"start":{"line":203,"column":57},"end":{"line":203,"column":null}}],"line":203},"15":{"loc":{"start":{"line":207,"column":17},"end":{"line":208,"column":null}},"type":"binary-expr","locations":[{"start":{"line":207,"column":17},"end":{"line":207,"column":null}},{"start":{"line":208,"column":18},"end":{"line":208,"column":null}}],"line":207},"16":{"loc":{"start":{"line":219,"column":20},"end":{"line":219,"column":null}},"type":"cond-expr","locations":[{"start":{"line":219,"column":42},"end":{"line":219,"column":61}},{"start":{"line":219,"column":61},"end":{"line":219,"column":null}}],"line":219},"17":{"loc":{"start":{"line":223,"column":17},"end":{"line":225,"column":null}},"type":"binary-expr","locations":[{"start":{"line":223,"column":17},"end":{"line":223,"column":null}},{"start":{"line":224,"column":18},"end":{"line":225,"column":null}}],"line":223},"18":{"loc":{"start":{"line":237,"column":20},"end":{"line":237,"column":null}},"type":"cond-expr","locations":[{"start":{"line":237,"column":39},"end":{"line":237,"column":58}},{"start":{"line":237,"column":58},"end":{"line":237,"column":null}}],"line":237},"19":{"loc":{"start":{"line":241,"column":17},"end":{"line":243,"column":null}},"type":"binary-expr","locations":[{"start":{"line":241,"column":17},"end":{"line":241,"column":null}},{"start":{"line":242,"column":18},"end":{"line":243,"column":null}}],"line":241},"20":{"loc":{"start":{"line":255,"column":20},"end":{"line":255,"column":null}},"type":"cond-expr","locations":[{"start":{"line":255,"column":42},"end":{"line":255,"column":61}},{"start":{"line":255,"column":61},"end":{"line":255,"column":null}}],"line":255},"21":{"loc":{"start":{"line":259,"column":17},"end":{"line":261,"column":null}},"type":"binary-expr","locations":[{"start":{"line":259,"column":17},"end":{"line":259,"column":null}},{"start":{"line":260,"column":18},"end":{"line":261,"column":null}}],"line":259},"22":{"loc":{"start":{"line":276,"column":17},"end":{"line":279,"column":null}},"type":"binary-expr","locations":[{"start":{"line":276,"column":17},"end":{"line":276,"column":null}},{"start":{"line":277,"column":18},"end":{"line":279,"column":null}}],"line":276},"23":{"loc":{"start":{"line":283,"column":15},"end":{"line":288,"column":null}},"type":"binary-expr","locations":[{"start":{"line":283,"column":15},"end":{"line":283,"column":38}},{"start":{"line":283,"column":38},"end":{"line":283,"column":null}},{"start":{"line":284,"column":16},"end":{"line":288,"column":null}}],"line":283},"24":{"loc":{"start":{"line":296,"column":17},"end":{"line":298,"column":null}},"type":"cond-expr","locations":[{"start":{"line":297,"column":20},"end":{"line":297,"column":null}},{"start":{"line":298,"column":20},"end":{"line":298,"column":null}}],"line":296}},"s":{"0":1,"1":6,"2":6,"3":6,"4":6,"5":9,"6":6,"7":6,"8":6,"9":6,"10":6,"11":6,"12":6,"13":6,"14":6,"15":3,"16":0,"17":6,"18":3,"19":0,"20":0,"21":0,"22":0,"23":0,"24":0,"25":0,"26":0,"27":6,"28":0,"29":0,"30":6,"31":0,"32":0,"33":0,"34":0,"35":0,"36":0,"37":0,"38":0,"39":0,"40":0,"41":0,"42":0,"43":0,"44":0,"45":0,"46":0,"47":6,"48":1,"49":1,"50":1,"51":6,"52":0,"53":0,"54":0,"55":6,"56":1,"57":1,"58":0,"59":0,"60":0,"61":0,"62":0},"f":{"0":6,"1":9,"2":3,"3":3,"4":0,"5":0,"6":1,"7":0,"8":1,"9":1,"10":0,"11":0,"12":0,"13":0,"14":0},"b":{"0":[0,3],"1":[0,3],"2":[0,0],"3":[0,0],"4":[0,0],"5":[0,0],"6":[0,0],"7":[0,0],"8":[0,0],"9":[1,5],"10":[1,5],"11":[6,5,0],"12":[0,6],"13":[1,5],"14":[0,6],"15":[6,0],"16":[0,6],"17":[6,0],"18":[0,6],"19":[6,0],"20":[0,6],"21":[6,0],"22":[6,0],"23":[6,1,0],"24":[0,6]},"meta":{"lastBranch":25,"lastFunction":15,"lastStatement":63,"seen":{"s:8:6:317:Infinity":0,"f:8:6:8:28":0,"s:9:17:9:42":1,"s:10:8:10:32":2,"s:11:8:11:32":3,"s:17:4:18:40":4,"f:18:6:18:19":1,"s:18:29:18:40":5,"s:20:24:20:56":6,"s:21:24:21:56":7,"s:23:23:23:54":8,"s:24:27:24:62":9,"s:25:24:25:56":10,"s:26:27:26:62":11,"s:27:21:27:53":12,"s:28:21:28:50":13,"s:30:2:32:Infinity":14,"f:30:2:30:18":2,"b:31:4:31:Infinity:undefined:undefined:undefined:undefined":0,"s:31:4:31:Infinity":15,"s:31:25:31:Infinity":16,"s:34:2:45:Infinity":17,"f:34:2:34:18":3,"b:35:4:43:Infinity:undefined:undefined:undefined:undefined":1,"s:35:4:43:Infinity":18,"s:36:6:36:Infinity":19,"s:37:6:37:Infinity":20,"s:38:6:38:Infinity":21,"s:39:6:39:Infinity":22,"s:40:6:40:Infinity":23,"s:41:6:41:Infinity":24,"s:42:6:42:Infinity":25,"s:43:6:43:Infinity":26,"s:47:8:51:Infinity":27,"f:47:8:47:23":4,"s:48:4:48:Infinity":28,"s:49:4:51:Infinity":29,"s:54:8:80:Infinity":30,"f:54:8:54:26":5,"s:55:4:55:Infinity":31,"s:56:22:56:24":32,"b:58:4:58:Infinity:undefined:undefined:undefined:undefined":2,"s:58:4:58:Infinity":33,"s:58:30:58:Infinity":34,"b:59:4:59:Infinity:undefined:undefined:undefined:undefined":3,"s:59:4:59:Infinity":35,"s:59:34:59:Infinity":36,"b:60:4:64:Infinity:undefined:undefined:undefined:undefined":4,"s:60:4:64:Infinity":37,"b:61:6:61:27:62:6:62:55":5,"s:64:6:64:Infinity":38,"b:65:4:66:Infinity:undefined:undefined:undefined:undefined":6,"s:65:4:66:Infinity":39,"s:66:6:66:Infinity":40,"b:67:4:67:Infinity:undefined:undefined:undefined:undefined":7,"s:67:4:67:Infinity":41,"s:67:21:67:Infinity":42,"s:69:4:69:Infinity":43,"b:70:4:70:Infinity:undefined:undefined:undefined:undefined":8,"s:70:4:70:Infinity":44,"s:70:43:70:Infinity":45,"s:72:4:80:Infinity":46,"s:83:8:86:Infinity":47,"f:83:8:83:24":6,"s:84:4:84:Infinity":48,"s:85:4:85:Infinity":49,"s:86:4:86:Infinity":50,"s:89:8:92:Infinity":51,"f:89:8:89:21":7,"s:90:4:90:Infinity":52,"s:91:4:91:Infinity":53,"s:92:4:92:Infinity":54,"s:95:2:317:Infinity":55,"b:107:34:107:55:107:55:107:Infinity":9,"b:114:18:114:Infinity:115:18:115:Infinity":10,"f:132:18:132:29":8,"s:132:35:132:67":56,"f:144:18:144:29":9,"s:144:35:144:67":57,"b:150:15:150:38:150:38:150:Infinity:151:16:155:Infinity":11,"b:163:29:163:47:163:47:163:Infinity":12,"b:185:18:185:Infinity:186:18:186:Infinity":13,"f:201:18:201:29":10,"s:201:35:201:66":58,"b:203:38:203:57:203:57:203:Infinity":14,"b:207:17:207:Infinity:208:18:208:Infinity":15,"f:217:18:217:29":11,"s:217:35:217:70":59,"b:219:42:219:61:219:61:219:Infinity":16,"b:223:17:223:Infinity:224:18:225:Infinity":17,"f:235:18:235:29":12,"s:235:35:235:67":60,"b:237:39:237:58:237:58:237:Infinity":18,"b:241:17:241:Infinity:242:18:243:Infinity":19,"f:253:18:253:29":13,"s:253:35:253:70":61,"b:255:42:255:61:255:61:255:Infinity":20,"b:259:17:259:Infinity:260:18:261:Infinity":21,"f:271:20:271:31":14,"s:271:37:271:68":62,"b:276:17:276:Infinity:277:18:279:Infinity":22,"b:283:15:283:38:283:38:283:Infinity:284:16:288:Infinity":23,"b:297:20:297:Infinity:298:20:298:Infinity":24}}}
,"D:\\Binay Uppen Sharma- I0344\\Projects\\TaskFlows - Final\\taskflows-frontend\\src\\features\\auth\\authSlice.jsx": {"path":"D:\\Binay Uppen Sharma- I0344\\Projects\\TaskFlows - Final\\taskflows-frontend\\src\\features\\auth\\authSlice.jsx","statementMap":{"0":{"start":{"line":4,"column":21},"end":{"line":4,"column":null}},"1":{"start":{"line":7,"column":13},"end":{"line":40,"column":null}},"2":{"start":{"line":10,"column":4},"end":{"line":37,"column":null}},"3":{"start":{"line":11,"column":6},"end":{"line":11,"column":null}},"4":{"start":{"line":13,"column":23},"end":{"line":17,"column":8}},"5":{"start":{"line":19,"column":6},"end":{"line":21,"column":null}},"6":{"start":{"line":20,"column":26},"end":{"line":20,"column":47}},"7":{"start":{"line":21,"column":8},"end":{"line":21,"column":null}},"8":{"start":{"line":24,"column":23},"end":{"line":24,"column":44}},"9":{"start":{"line":25,"column":26},"end":{"line":32,"column":null}},"10":{"start":{"line":34,"column":6},"end":{"line":34,"column":null}},"11":{"start":{"line":35,"column":6},"end":{"line":35,"column":null}},"12":{"start":{"line":37,"column":6},"end":{"line":37,"column":null}},"13":{"start":{"line":43,"column":13},"end":{"line":63,"column":null}},"14":{"start":{"line":46,"column":4},"end":{"line":60,"column":null}},"15":{"start":{"line":47,"column":23},"end":{"line":51,"column":8}},"16":{"start":{"line":53,"column":6},"end":{"line":55,"column":null}},"17":{"start":{"line":54,"column":26},"end":{"line":54,"column":47}},"18":{"start":{"line":55,"column":8},"end":{"line":55,"column":null}},"19":{"start":{"line":58,"column":6},"end":{"line":58,"column":null}},"20":{"start":{"line":60,"column":6},"end":{"line":60,"column":null}},"21":{"start":{"line":66,"column":13},"end":{"line":80,"column":null}},"22":{"start":{"line":67,"column":2},"end":{"line":76,"column":null}},"23":{"start":{"line":68,"column":17},"end":{"line":68,"column":64}},"24":{"start":{"line":69,"column":4},"end":{"line":73,"column":null}},"25":{"start":{"line":70,"column":6},"end":{"line":73,"column":null}},"26":{"start":{"line":76,"column":4},"end":{"line":76,"column":null}},"27":{"start":{"line":78,"column":2},"end":{"line":78,"column":null}},"28":{"start":{"line":79,"column":2},"end":{"line":79,"column":null}},"29":{"start":{"line":83,"column":18},"end":{"line":83,"column":53}},"30":{"start":{"line":84,"column":21},"end":{"line":90,"column":null}},"31":{"start":{"line":93,"column":6},"end":{"line":139,"column":2}},"32":{"start":{"line":98,"column":6},"end":{"line":98,"column":null}},"33":{"start":{"line":99,"column":6},"end":{"line":99,"column":null}},"34":{"start":{"line":104,"column":4},"end":{"line":107,"column":null}},"35":{"start":{"line":105,"column":6},"end":{"line":105,"column":null}},"36":{"start":{"line":106,"column":6},"end":{"line":106,"column":null}},"37":{"start":{"line":108,"column":4},"end":{"line":113,"column":null}},"38":{"start":{"line":109,"column":6},"end":{"line":109,"column":null}},"39":{"start":{"line":110,"column":6},"end":{"line":110,"column":null}},"40":{"start":{"line":111,"column":6},"end":{"line":111,"column":null}},"41":{"start":{"line":112,"column":6},"end":{"line":112,"column":null}},"42":{"start":{"line":114,"column":4},"end":{"line":117,"column":null}},"43":{"start":{"line":115,"column":6},"end":{"line":115,"column":null}},"44":{"start":{"line":116,"column":6},"end":{"line":116,"column":null}},"45":{"start":{"line":120,"column":4},"end":{"line":123,"column":null}},"46":{"start":{"line":121,"column":6},"end":{"line":121,"column":null}},"47":{"start":{"line":122,"column":6},"end":{"line":122,"column":null}},"48":{"start":{"line":124,"column":4},"end":{"line":126,"column":null}},"49":{"start":{"line":125,"column":6},"end":{"line":125,"column":null}},"50":{"start":{"line":127,"column":4},"end":{"line":130,"column":null}},"51":{"start":{"line":128,"column":6},"end":{"line":128,"column":null}},"52":{"start":{"line":129,"column":6},"end":{"line":129,"column":null}},"53":{"start":{"line":133,"column":4},"end":{"line":137,"column":null}},"54":{"start":{"line":134,"column":6},"end":{"line":134,"column":null}},"55":{"start":{"line":135,"column":6},"end":{"line":135,"column":null}},"56":{"start":{"line":136,"column":6},"end":{"line":136,"column":null}},"57":{"start":{"line":141,"column":43},"end":{"line":141,"column":null}}},"fnMap":{"0":{"name":"(anonymous_0)","decl":{"start":{"line":9,"column":2},"end":{"line":9,"column":9}},"loc":{"start":{"line":9,"column":64},"end":{"line":40,"column":null}},"line":9},"1":{"name":"(anonymous_1)","decl":{"start":{"line":45,"column":2},"end":{"line":45,"column":9}},"loc":{"start":{"line":45,"column":43},"end":{"line":63,"column":null}},"line":45},"2":{"name":"(anonymous_2)","decl":{"start":{"line":66,"column":62},"end":{"line":66,"column":74}},"loc":{"start":{"line":66,"column":74},"end":{"line":80,"column":null}},"line":66},"3":{"name":"(anonymous_3)","decl":{"start":{"line":97,"column":4},"end":{"line":97,"column":30}},"loc":{"start":{"line":97,"column":40},"end":{"line":101,"column":null}},"line":97},"4":{"name":"(anonymous_4)","decl":{"start":{"line":102,"column":2},"end":{"line":102,"column":18}},"loc":{"start":{"line":102,"column":30},"end":{"line":137,"column":null}},"line":102},"5":{"name":"(anonymous_5)","decl":{"start":{"line":104,"column":30},"end":{"line":104,"column":40}},"loc":{"start":{"line":104,"column":50},"end":{"line":107,"column":null}},"line":104},"6":{"name":"(anonymous_6)","decl":{"start":{"line":108,"column":30},"end":{"line":108,"column":42}},"loc":{"start":{"line":108,"column":60},"end":{"line":113,"column":null}},"line":108},"7":{"name":"(anonymous_7)","decl":{"start":{"line":114,"column":30},"end":{"line":114,"column":41}},"loc":{"start":{"line":114,"column":59},"end":{"line":117,"column":null}},"line":114},"8":{"name":"(anonymous_8)","decl":{"start":{"line":120,"column":33},"end":{"line":120,"column":43}},"loc":{"start":{"line":120,"column":53},"end":{"line":123,"column":null}},"line":120},"9":{"name":"(anonymous_9)","decl":{"start":{"line":124,"column":33},"end":{"line":124,"column":45}},"loc":{"start":{"line":124,"column":55},"end":{"line":126,"column":null}},"line":124},"10":{"name":"(anonymous_10)","decl":{"start":{"line":127,"column":33},"end":{"line":127,"column":44}},"loc":{"start":{"line":127,"column":62},"end":{"line":130,"column":null}},"line":127},"11":{"name":"(anonymous_11)","decl":{"start":{"line":133,"column":31},"end":{"line":133,"column":43}},"loc":{"start":{"line":133,"column":53},"end":{"line":137,"column":null}},"line":133}},"branchMap":{"0":{"loc":{"start":{"line":19,"column":6},"end":{"line":21,"column":null}},"type":"if","locations":[{"start":{"line":19,"column":6},"end":{"line":21,"column":null}},{"start":{},"end":{}}],"line":19},"1":{"loc":{"start":{"line":53,"column":6},"end":{"line":55,"column":null}},"type":"if","locations":[{"start":{"line":53,"column":6},"end":{"line":55,"column":null}},{"start":{},"end":{}}],"line":53},"2":{"loc":{"start":{"line":69,"column":4},"end":{"line":73,"column":null}},"type":"if","locations":[{"start":{"line":69,"column":4},"end":{"line":73,"column":null}},{"start":{},"end":{}}],"line":69},"3":{"loc":{"start":{"line":69,"column":8},"end":{"line":69,"column":28}},"type":"binary-expr","locations":[{"start":{"line":69,"column":8},"end":{"line":69,"column":16}},{"start":{"line":69,"column":16},"end":{"line":69,"column":28}}],"line":69},"4":{"loc":{"start":{"line":85,"column":15},"end":{"line":85,"column":null}},"type":"cond-expr","locations":[{"start":{"line":85,"column":27},"end":{"line":85,"column":48}},{"start":{"line":85,"column":51},"end":{"line":85,"column":null}}],"line":85}},"s":{"0":9,"1":9,"2":2,"3":2,"4":2,"5":2,"6":1,"7":1,"8":1,"9":1,"10":1,"11":1,"12":0,"13":9,"14":1,"15":1,"16":1,"17":0,"18":0,"19":1,"20":0,"21":9,"22":1,"23":1,"24":1,"25":1,"26":0,"27":1,"28":1,"29":9,"30":9,"31":9,"32":2,"33":2,"34":9,"35":2,"36":2,"37":9,"38":1,"39":1,"40":1,"41":1,"42":9,"43":1,"44":1,"45":9,"46":1,"47":1,"48":9,"49":1,"50":9,"51":0,"52":0,"53":9,"54":1,"55":1,"56":1,"57":9},"f":{"0":2,"1":1,"2":1,"3":2,"4":9,"5":2,"6":1,"7":1,"8":1,"9":1,"10":0,"11":1},"b":{"0":[1,1],"1":[0,1],"2":[1,0],"3":[1,1],"4":[0,9]},"meta":{"lastBranch":5,"lastFunction":12,"lastStatement":58,"seen":{"s:4:21:4:Infinity":0,"s:7:13:40:Infinity":1,"f:9:2:9:9":0,"s:10:4:37:Infinity":2,"s:11:6:11:Infinity":3,"s:13:23:17:8":4,"b:19:6:21:Infinity:undefined:undefined:undefined:undefined":0,"s:19:6:21:Infinity":5,"s:20:26:20:47":6,"s:21:8:21:Infinity":7,"s:24:23:24:44":8,"s:25:26:32:Infinity":9,"s:34:6:34:Infinity":10,"s:35:6:35:Infinity":11,"s:37:6:37:Infinity":12,"s:43:13:63:Infinity":13,"f:45:2:45:9":1,"s:46:4:60:Infinity":14,"s:47:23:51:8":15,"b:53:6:55:Infinity:undefined:undefined:undefined:undefined":1,"s:53:6:55:Infinity":16,"s:54:26:54:47":17,"s:55:8:55:Infinity":18,"s:58:6:58:Infinity":19,"s:60:6:60:Infinity":20,"s:66:13:80:Infinity":21,"f:66:62:66:74":2,"s:67:2:76:Infinity":22,"s:68:17:68:64":23,"b:69:4:73:Infinity:undefined:undefined:undefined:undefined":2,"s:69:4:73:Infinity":24,"b:69:8:69:16:69:16:69:28":3,"s:70:6:73:Infinity":25,"s:76:4:76:Infinity":26,"s:78:2:78:Infinity":27,"s:79:2:79:Infinity":28,"s:83:18:83:53":29,"s:84:21:90:Infinity":30,"b:85:27:85:48:85:51:85:Infinity":4,"s:93:6:139:2":31,"f:97:4:97:30":3,"s:98:6:98:Infinity":32,"s:99:6:99:Infinity":33,"f:102:2:102:18":4,"s:104:4:107:Infinity":34,"f:104:30:104:40":5,"s:105:6:105:Infinity":35,"s:106:6:106:Infinity":36,"s:108:4:113:Infinity":37,"f:108:30:108:42":6,"s:109:6:109:Infinity":38,"s:110:6:110:Infinity":39,"s:111:6:111:Infinity":40,"s:112:6:112:Infinity":41,"s:114:4:117:Infinity":42,"f:114:30:114:41":7,"s:115:6:115:Infinity":43,"s:116:6:116:Infinity":44,"s:120:4:123:Infinity":45,"f:120:33:120:43":8,"s:121:6:121:Infinity":46,"s:122:6:122:Infinity":47,"s:124:4:126:Infinity":48,"f:124:33:124:45":9,"s:125:6:125:Infinity":49,"s:127:4:130:Infinity":50,"f:127:33:127:44":10,"s:128:6:128:Infinity":51,"s:129:6:129:Infinity":52,"s:133:4:137:Infinity":53,"f:133:31:133:43":11,"s:134:6:134:Infinity":54,"s:135:6:135:Infinity":55,"s:136:6:136:Infinity":56,"s:141:43:141:Infinity":57}}}
,"D:\\Binay Uppen Sharma- I0344\\Projects\\TaskFlows - Final\\taskflows-frontend\\src\\features\\tasks\\taskSlice.jsx": {"path":"D:\\Binay Uppen Sharma- I0344\\Projects\\TaskFlows - Final\\taskflows-frontend\\src\\features\\tasks\\taskSlice.jsx","statementMap":{"0":{"start":{"line":14,"column":13},"end":{"line":19,"column":null}},"1":{"start":{"line":17,"column":4},"end":{"line":17,"column":null}},"2":{"start":{"line":22,"column":13},"end":{"line":27,"column":null}},"3":{"start":{"line":25,"column":4},"end":{"line":25,"column":null}},"4":{"start":{"line":30,"column":13},"end":{"line":35,"column":null}},"5":{"start":{"line":33,"column":4},"end":{"line":33,"column":null}},"6":{"start":{"line":38,"column":13},"end":{"line":43,"column":null}},"7":{"start":{"line":41,"column":4},"end":{"line":41,"column":null}},"8":{"start":{"line":46,"column":13},"end":{"line":51,"column":null}},"9":{"start":{"line":49,"column":4},"end":{"line":49,"column":null}},"10":{"start":{"line":54,"column":13},"end":{"line":56,"column":null}},"11":{"start":{"line":55,"column":2},"end":{"line":55,"column":null}},"12":{"start":{"line":59,"column":13},"end":{"line":64,"column":null}},"13":{"start":{"line":62,"column":4},"end":{"line":62,"column":null}},"14":{"start":{"line":67,"column":13},"end":{"line":72,"column":null}},"15":{"start":{"line":70,"column":4},"end":{"line":70,"column":null}},"16":{"start":{"line":75,"column":21},"end":{"line":79,"column":null}},"17":{"start":{"line":81,"column":6},"end":{"line":120,"column":2}},"18":{"start":{"line":86,"column":4},"end":{"line":118,"column":null}},"19":{"start":{"line":88,"column":8},"end":{"line":88,"column":null}},"20":{"start":{"line":91,"column":8},"end":{"line":91,"column":null}},"21":{"start":{"line":92,"column":8},"end":{"line":92,"column":null}},"22":{"start":{"line":95,"column":8},"end":{"line":95,"column":null}},"23":{"start":{"line":96,"column":8},"end":{"line":96,"column":null}},"24":{"start":{"line":99,"column":8},"end":{"line":99,"column":null}},"25":{"start":{"line":102,"column":8},"end":{"line":102,"column":null}},"26":{"start":{"line":102,"column":51},"end":{"line":102,"column":78}},"27":{"start":{"line":107,"column":10},"end":{"line":109,"column":null}},"28":{"start":{"line":111,"column":24},"end":{"line":112,"column":null}},"29":{"start":{"line":112,"column":22},"end":{"line":112,"column":null}},"30":{"start":{"line":114,"column":10},"end":{"line":115,"column":null}},"31":{"start":{"line":115,"column":12},"end":{"line":115,"column":null}}},"fnMap":{"0":{"name":"(anonymous_0)","decl":{"start":{"line":16,"column":2},"end":{"line":16,"column":9}},"loc":{"start":{"line":16,"column":26},"end":{"line":19,"column":null}},"line":16},"1":{"name":"(anonymous_1)","decl":{"start":{"line":24,"column":2},"end":{"line":24,"column":9}},"loc":{"start":{"line":24,"column":25},"end":{"line":27,"column":null}},"line":24},"2":{"name":"(anonymous_2)","decl":{"start":{"line":32,"column":2},"end":{"line":32,"column":9}},"loc":{"start":{"line":32,"column":20},"end":{"line":35,"column":null}},"line":32},"3":{"name":"(anonymous_3)","decl":{"start":{"line":40,"column":2},"end":{"line":40,"column":9}},"loc":{"start":{"line":40,"column":39},"end":{"line":43,"column":null}},"line":40},"4":{"name":"(anonymous_4)","decl":{"start":{"line":48,"column":2},"end":{"line":48,"column":9}},"loc":{"start":{"line":48,"column":20},"end":{"line":51,"column":null}},"line":48},"5":{"name":"(anonymous_5)","decl":{"start":{"line":54,"column":61},"end":{"line":54,"column":68}},"loc":{"start":{"line":54,"column":79},"end":{"line":56,"column":null}},"line":54},"6":{"name":"(anonymous_6)","decl":{"start":{"line":61,"column":2},"end":{"line":61,"column":9}},"loc":{"start":{"line":61,"column":61},"end":{"line":64,"column":null}},"line":61},"7":{"name":"(anonymous_7)","decl":{"start":{"line":69,"column":2},"end":{"line":69,"column":9}},"loc":{"start":{"line":69,"column":46},"end":{"line":72,"column":null}},"line":69},"8":{"name":"(anonymous_8)","decl":{"start":{"line":85,"column":2},"end":{"line":85,"column":18}},"loc":{"start":{"line":85,"column":30},"end":{"line":118,"column":null}},"line":85},"9":{"name":"(anonymous_9)","decl":{"start":{"line":87,"column":26},"end":{"line":87,"column":36}},"loc":{"start":{"line":87,"column":46},"end":{"line":89,"column":null}},"line":87},"10":{"name":"(anonymous_10)","decl":{"start":{"line":90,"column":26},"end":{"line":90,"column":38}},"loc":{"start":{"line":90,"column":56},"end":{"line":93,"column":null}},"line":90},"11":{"name":"(anonymous_11)","decl":{"start":{"line":94,"column":26},"end":{"line":94,"column":37}},"loc":{"start":{"line":94,"column":55},"end":{"line":97,"column":null}},"line":94},"12":{"name":"(anonymous_12)","decl":{"start":{"line":98,"column":26},"end":{"line":98,"column":38}},"loc":{"start":{"line":98,"column":56},"end":{"line":100,"column":null}},"line":98},"13":{"name":"(anonymous_13)","decl":{"start":{"line":101,"column":26},"end":{"line":101,"column":38}},"loc":{"start":{"line":101,"column":56},"end":{"line":103,"column":null}},"line":101},"14":{"name":"(anonymous_14)","decl":{"start":{"line":102,"column":34},"end":{"line":102,"column":42}},"loc":{"start":{"line":102,"column":51},"end":{"line":102,"column":78}},"line":102},"15":{"name":"(anonymous_15)","decl":{"start":{"line":105,"column":7},"end":{"line":105,"column":null}},"loc":{"start":{"line":107,"column":10},"end":{"line":109,"column":null}},"line":107},"16":{"name":"(anonymous_16)","decl":{"start":{"line":109,"column":26},"end":{"line":109,"column":null}},"loc":{"start":{"line":110,"column":27},"end":{"line":118,"column":null}},"line":110},"17":{"name":"(anonymous_17)","decl":{"start":{"line":111,"column":36},"end":{"line":111,"column":null}},"loc":{"start":{"line":112,"column":22},"end":{"line":112,"column":null}},"line":112}},"branchMap":{"0":{"loc":{"start":{"line":16,"column":9},"end":{"line":16,"column":21}},"type":"default-arg","locations":[{"start":{"line":16,"column":19},"end":{"line":16,"column":21}}],"line":16},"1":{"loc":{"start":{"line":107,"column":10},"end":{"line":109,"column":null}},"type":"binary-expr","locations":[{"start":{"line":107,"column":10},"end":{"line":107,"column":42}},{"start":{"line":108,"column":10},"end":{"line":108,"column":44}},{"start":{"line":109,"column":10},"end":{"line":109,"column":null}}],"line":107},"2":{"loc":{"start":{"line":114,"column":10},"end":{"line":115,"column":null}},"type":"if","locations":[{"start":{"line":114,"column":10},"end":{"line":115,"column":null}},{"start":{},"end":{}}],"line":114}},"s":{"0":9,"1":3,"2":9,"3":2,"4":9,"5":1,"6":9,"7":1,"8":9,"9":0,"10":9,"11":0,"12":9,"13":0,"14":9,"15":0,"16":9,"17":9,"18":9,"19":3,"20":2,"21":2,"22":1,"23":1,"24":2,"25":1,"26":1,"27":86,"28":3,"29":3,"30":3,"31":3},"f":{"0":3,"1":2,"2":1,"3":1,"4":0,"5":0,"6":0,"7":0,"8":9,"9":3,"10":2,"11":1,"12":2,"13":1,"14":1,"15":86,"16":3,"17":3},"b":{"0":[3],"1":[86,14,6],"2":[3,0]},"meta":{"lastBranch":3,"lastFunction":18,"lastStatement":32,"seen":{"s:14:13:19:Infinity":0,"f:16:2:16:9":0,"b:16:19:16:21":0,"s:17:4:17:Infinity":1,"s:22:13:27:Infinity":2,"f:24:2:24:9":1,"s:25:4:25:Infinity":3,"s:30:13:35:Infinity":4,"f:32:2:32:9":2,"s:33:4:33:Infinity":5,"s:38:13:43:Infinity":6,"f:40:2:40:9":3,"s:41:4:41:Infinity":7,"s:46:13:51:Infinity":8,"f:48:2:48:9":4,"s:49:4:49:Infinity":9,"s:54:13:56:Infinity":10,"f:54:61:54:68":5,"s:55:2:55:Infinity":11,"s:59:13:64:Infinity":12,"f:61:2:61:9":6,"s:62:4:62:Infinity":13,"s:67:13:72:Infinity":14,"f:69:2:69:9":7,"s:70:4:70:Infinity":15,"s:75:21:79:Infinity":16,"s:81:6:120:2":17,"f:85:2:85:18":8,"s:86:4:118:Infinity":18,"f:87:26:87:36":9,"s:88:8:88:Infinity":19,"f:90:26:90:38":10,"s:91:8:91:Infinity":20,"s:92:8:92:Infinity":21,"f:94:26:94:37":11,"s:95:8:95:Infinity":22,"s:96:8:96:Infinity":23,"f:98:26:98:38":12,"s:99:8:99:Infinity":24,"f:101:26:101:38":13,"s:102:8:102:Infinity":25,"f:102:34:102:42":14,"s:102:51:102:78":26,"f:105:7:105:Infinity":15,"s:107:10:109:Infinity":27,"b:107:10:107:42:108:10:108:44:109:10:109:Infinity":1,"f:109:26:109:Infinity":16,"s:111:24:112:Infinity":28,"f:111:36:111:Infinity":17,"s:112:22:112:Infinity":29,"b:114:10:115:Infinity:undefined:undefined:undefined:undefined":2,"s:114:10:115:Infinity":30,"s:115:12:115:Infinity":31}}}
,"D:\\Binay Uppen Sharma- I0344\\Projects\\TaskFlows - Final\\taskflows-frontend\\src\\features\\tasks\\components\\ProposalApprovalModal.jsx": {"path":"D:\\Binay Uppen Sharma- I0344\\Projects\\TaskFlows - Final\\taskflows-frontend\\src\\features\\tasks\\components\\ProposalApprovalModal.jsx","statementMap":{"0":{"start":{"line":12,"column":6},"end":{"line":115,"column":null}},"1":{"start":{"line":19,"column":8},"end":{"line":21,"column":null}},"2":{"start":{"line":20,"column":17},"end":{"line":20,"column":47}},"3":{"start":{"line":20,"column":35},"end":{"line":20,"column":47}},"4":{"start":{"line":21,"column":4},"end":{"line":21,"column":null}},"5":{"start":{"line":24,"column":2},"end":{"line":115,"column":null}},"6":{"start":{"line":52,"column":14},"end":{"line":110,"column":null}},"7":{"start":{"line":73,"column":41},"end":{"line":73,"column":56}},"8":{"start":{"line":98,"column":35},"end":{"line":98,"column":50}},"9":{"start":{"line":104,"column":35},"end":{"line":104,"column":52}}},"fnMap":{"0":{"name":"(anonymous_0)","decl":{"start":{"line":12,"column":6},"end":{"line":12,"column":31}},"loc":{"start":{"line":18,"column":6},"end":{"line":115,"column":null}},"line":18},"1":{"name":"(anonymous_1)","decl":{"start":{"line":19,"column":8},"end":{"line":19,"column":23}},"loc":{"start":{"line":19,"column":30},"end":{"line":21,"column":null}},"line":19},"2":{"name":"(anonymous_2)","decl":{"start":{"line":20,"column":23},"end":{"line":20,"column":29}},"loc":{"start":{"line":20,"column":35},"end":{"line":20,"column":47}},"line":20},"3":{"name":"(anonymous_3)","decl":{"start":{"line":51,"column":22},"end":{"line":51,"column":27}},"loc":{"start":{"line":52,"column":14},"end":{"line":110,"column":null}},"line":52},"4":{"name":"(anonymous_4)","decl":{"start":{"line":73,"column":29},"end":{"line":73,"column":34}},"loc":{"start":{"line":73,"column":41},"end":{"line":73,"column":56}},"line":73},"5":{"name":"(anonymous_5)","decl":{"start":{"line":98,"column":20},"end":{"line":98,"column":35}},"loc":{"start":{"line":98,"column":35},"end":{"line":98,"column":50}},"line":98},"6":{"name":"(anonymous_6)","decl":{"start":{"line":104,"column":20},"end":{"line":104,"column":35}},"loc":{"start":{"line":104,"column":35},"end":{"line":104,"column":52}},"line":104}},"branchMap":{"0":{"loc":{"start":{"line":21,"column":11},"end":{"line":21,"column":null}},"type":"cond-expr","locations":[{"start":{"line":21,"column":18},"end":{"line":21,"column":30}},{"start":{"line":21,"column":30},"end":{"line":21,"column":null}}],"line":21},"1":{"loc":{"start":{"line":46,"column":11},"end":{"line":110,"column":null}},"type":"cond-expr","locations":[{"start":{"line":47,"column":12},"end":{"line":49,"column":null}},{"start":{"line":51,"column":12},"end":{"line":110,"column":null}}],"line":46}},"s":{"0":1,"1":0,"2":0,"3":0,"4":0,"5":0,"6":0,"7":0,"8":0,"9":0},"f":{"0":0,"1":0,"2":0,"3":0,"4":0,"5":0,"6":0},"b":{"0":[0,0],"1":[0,0]},"meta":{"lastBranch":2,"lastFunction":7,"lastStatement":10,"seen":{"s:12:6:115:Infinity":0,"f:12:6:12:31":0,"s:19:8:21:Infinity":1,"f:19:8:19:23":1,"s:20:17:20:47":2,"f:20:23:20:29":2,"s:20:35:20:47":3,"s:21:4:21:Infinity":4,"b:21:18:21:30:21:30:21:Infinity":0,"s:24:2:115:Infinity":5,"b:47:12:49:Infinity:51:12:110:Infinity":1,"f:51:22:51:27":3,"s:52:14:110:Infinity":6,"f:73:29:73:34":4,"s:73:41:73:56":7,"f:98:20:98:35":5,"s:98:35:98:50":8,"f:104:20:104:35":6,"s:104:35:104:52":9}}}
,"D:\\Binay Uppen Sharma- I0344\\Projects\\TaskFlows - Final\\taskflows-frontend\\src\\features\\tasks\\components\\TaskAccordionList.jsx": {"path":"D:\\Binay Uppen Sharma- I0344\\Projects\\TaskFlows - Final\\taskflows-frontend\\src\\features\\tasks\\components\\TaskAccordionList.jsx","statementMap":{"0":{"start":{"line":5,"column":6},"end":{"line":52,"column":null}},"1":{"start":{"line":7,"column":29},"end":{"line":19,"column":null}},"2":{"start":{"line":10,"column":6},"end":{"line":16,"column":null}},"3":{"start":{"line":11,"column":21},"end":{"line":11,"column":63}},"4":{"start":{"line":11,"column":47},"end":{"line":11,"column":63}},"5":{"start":{"line":12,"column":24},"end":{"line":12,"column":null}},"6":{"start":{"line":13,"column":22},"end":{"line":13,"column":null}},"7":{"start":{"line":14,"column":8},"end":{"line":14,"column":null}},"8":{"start":{"line":16,"column":8},"end":{"line":16,"column":null}},"9":{"start":{"line":22,"column":2},"end":{"line":35,"column":null}},"10":{"start":{"line":23,"column":4},"end":{"line":35,"column":null}},"11":{"start":{"line":40,"column":2},"end":{"line":52,"column":null}},"12":{"start":{"line":43,"column":8},"end":{"line":50,"column":null}}},"fnMap":{"0":{"name":"(anonymous_0)","decl":{"start":{"line":5,"column":6},"end":{"line":5,"column":27}},"loc":{"start":{"line":5,"column":74},"end":{"line":52,"column":null}},"line":5},"1":{"name":"(anonymous_1)","decl":{"start":{"line":9,"column":4},"end":{"line":9,"column":23}},"loc":{"start":{"line":9,"column":44},"end":{"line":16,"column":null}},"line":9},"2":{"name":"(anonymous_2)","decl":{"start":{"line":11,"column":35},"end":{"line":11,"column":41}},"loc":{"start":{"line":11,"column":47},"end":{"line":11,"column":63}},"line":11},"3":{"name":"(anonymous_3)","decl":{"start":{"line":42,"column":21},"end":{"line":42,"column":26}},"loc":{"start":{"line":43,"column":8},"end":{"line":50,"column":null}},"line":43}},"branchMap":{"0":{"loc":{"start":{"line":5,"column":54},"end":{"line":5,"column":74}},"type":"default-arg","locations":[{"start":{"line":5,"column":61},"end":{"line":5,"column":74}}],"line":5},"1":{"loc":{"start":{"line":10,"column":6},"end":{"line":16,"column":null}},"type":"if","locations":[{"start":{"line":10,"column":6},"end":{"line":16,"column":null}},{"start":{"line":15,"column":13},"end":{"line":16,"column":null}}],"line":10},"2":{"loc":{"start":{"line":12,"column":24},"end":{"line":12,"column":null}},"type":"cond-expr","locations":[{"start":{"line":12,"column":31},"end":{"line":12,"column":59}},{"start":{"line":12,"column":59},"end":{"line":12,"column":null}}],"line":12},"3":{"loc":{"start":{"line":22,"column":2},"end":{"line":35,"column":null}},"type":"if","locations":[{"start":{"line":22,"column":2},"end":{"line":35,"column":null}},{"start":{},"end":{}}],"line":22},"4":{"loc":{"start":{"line":22,"column":6},"end":{"line":22,"column":52}},"type":"binary-expr","locations":[{"start":{"line":22,"column":6},"end":{"line":22,"column":24}},{"start":{"line":22,"column":24},"end":{"line":22,"column":52}}],"line":22}},"s":{"0":3,"1":15,"2":0,"3":0,"4":0,"5":0,"6":0,"7":0,"8":0,"9":15,"10":10,"11":5,"12":9},"f":{"0":15,"1":0,"2":0,"3":9},"b":{"0":[15],"1":[0,0],"2":[0,0],"3":[10,5],"4":[15,15]},"meta":{"lastBranch":5,"lastFunction":4,"lastStatement":13,"seen":{"s:5:6:52:Infinity":0,"f:5:6:5:27":0,"b:5:61:5:74":0,"s:7:29:19:Infinity":1,"f:9:4:9:23":1,"b:10:6:16:Infinity:15:13:16:Infinity":1,"s:10:6:16:Infinity":2,"s:11:21:11:63":3,"f:11:35:11:41":2,"s:11:47:11:63":4,"s:12:24:12:Infinity":5,"b:12:31:12:59:12:59:12:Infinity":2,"s:13:22:13:Infinity":6,"s:14:8:14:Infinity":7,"s:16:8:16:Infinity":8,"b:22:2:35:Infinity:undefined:undefined:undefined:undefined":3,"s:22:2:35:Infinity":9,"b:22:6:22:24:22:24:22:52":4,"s:23:4:35:Infinity":10,"s:40:2:52:Infinity":11,"f:42:21:42:26":3,"s:43:8:50:Infinity":12}}}
,"D:\\Binay Uppen Sharma- I0344\\Projects\\TaskFlows - Final\\taskflows-frontend\\src\\features\\tasks\\components\\TaskEditModal.jsx": {"path":"D:\\Binay Uppen Sharma- I0344\\Projects\\TaskFlows - Final\\taskflows-frontend\\src\\features\\tasks\\components\\TaskEditModal.jsx","statementMap":{"0":{"start":{"line":19,"column":6},"end":{"line":258,"column":null}},"1":{"start":{"line":28,"column":15},"end":{"line":28,"column":45}},"2":{"start":{"line":29,"column":22},"end":{"line":29,"column":66}},"3":{"start":{"line":30,"column":24},"end":{"line":30,"column":69}},"4":{"start":{"line":31,"column":17},"end":{"line":31,"column":51}},"5":{"start":{"line":34,"column":8},"end":{"line":34,"column":69}},"6":{"start":{"line":35,"column":15},"end":{"line":35,"column":46}},"7":{"start":{"line":36,"column":16},"end":{"line":36,"column":48}},"8":{"start":{"line":37,"column":18},"end":{"line":37,"column":52}},"9":{"start":{"line":39,"column":17},"end":{"line":39,"column":42}},"10":{"start":{"line":41,"column":28},"end":{"line":41,"column":null}},"11":{"start":{"line":42,"column":27},"end":{"line":42,"column":null}},"12":{"start":{"line":43,"column":26},"end":{"line":43,"column":67}},"13":{"start":{"line":43,"column":46},"end":{"line":43,"column":67}},"14":{"start":{"line":46,"column":8},"end":{"line":53,"column":null}},"15":{"start":{"line":47,"column":4},"end":{"line":53,"column":null}},"16":{"start":{"line":52,"column":6},"end":{"line":52,"column":null}},"17":{"start":{"line":53,"column":6},"end":{"line":53,"column":null}},"18":{"start":{"line":58,"column":8},"end":{"line":61,"column":null}},"19":{"start":{"line":59,"column":4},"end":{"line":61,"column":null}},"20":{"start":{"line":60,"column":6},"end":{"line":60,"column":null}},"21":{"start":{"line":61,"column":6},"end":{"line":61,"column":null}},"22":{"start":{"line":66,"column":8},"end":{"line":88,"column":null}},"23":{"start":{"line":67,"column":4},"end":{"line":67,"column":null}},"24":{"start":{"line":68,"column":10},"end":{"line":68,"column":67}},"25":{"start":{"line":70,"column":4},"end":{"line":77,"column":null}},"26":{"start":{"line":76,"column":6},"end":{"line":76,"column":null}},"27":{"start":{"line":77,"column":6},"end":{"line":77,"column":null}},"28":{"start":{"line":80,"column":4},"end":{"line":87,"column":null}},"29":{"start":{"line":88,"column":4},"end":{"line":88,"column":null}},"30":{"start":{"line":92,"column":4},"end":{"line":92,"column":null}},"31":{"start":{"line":94,"column":4},"end":{"line":94,"column":null}},"32":{"start":{"line":96,"column":2},"end":{"line":258,"column":null}},"33":{"start":{"line":159,"column":31},"end":{"line":159,"column":54}},"34":{"start":{"line":172,"column":31},"end":{"line":172,"column":61}},"35":{"start":{"line":186,"column":33},"end":{"line":186,"column":58}},"36":{"start":{"line":222,"column":16},"end":{"line":225,"column":null}},"37":{"start":{"line":224,"column":35},"end":{"line":224,"column":46}},"38":{"start":{"line":225,"column":32},"end":{"line":225,"column":40}},"39":{"start":{"line":232,"column":16},"end":{"line":234,"column":null}}},"fnMap":{"0":{"name":"(anonymous_0)","decl":{"start":{"line":19,"column":6},"end":{"line":19,"column":23}},"loc":{"start":{"line":26,"column":6},"end":{"line":258,"column":null}},"line":26},"1":{"name":"(anonymous_1)","decl":{"start":{"line":43,"column":32},"end":{"line":43,"column":40}},"loc":{"start":{"line":43,"column":46},"end":{"line":43,"column":67}},"line":43},"2":{"name":"(anonymous_2)","decl":{"start":{"line":46,"column":8},"end":{"line":46,"column":30}},"loc":{"start":{"line":46,"column":30},"end":{"line":53,"column":null}},"line":46},"3":{"name":"(anonymous_3)","decl":{"start":{"line":58,"column":8},"end":{"line":58,"column":29}},"loc":{"start":{"line":58,"column":29},"end":{"line":61,"column":null}},"line":58},"4":{"name":"(anonymous_4)","decl":{"start":{"line":66,"column":8},"end":{"line":66,"column":24}},"loc":{"start":{"line":66,"column":30},"end":{"line":88,"column":null}},"line":66},"5":{"name":"(anonymous_5)","decl":{"start":{"line":159,"column":14},"end":{"line":159,"column":25}},"loc":{"start":{"line":159,"column":31},"end":{"line":159,"column":54}},"line":159},"6":{"name":"(anonymous_6)","decl":{"start":{"line":172,"column":14},"end":{"line":172,"column":25}},"loc":{"start":{"line":172,"column":31},"end":{"line":172,"column":61}},"line":172},"7":{"name":"(anonymous_7)","decl":{"start":{"line":186,"column":16},"end":{"line":186,"column":27}},"loc":{"start":{"line":186,"column":33},"end":{"line":186,"column":58}},"line":186},"8":{"name":"(anonymous_8)","decl":{"start":{"line":221,"column":14},"end":{"line":221,"column":25}},"loc":{"start":{"line":222,"column":16},"end":{"line":225,"column":null}},"line":222},"9":{"name":"(anonymous_9)","decl":{"start":{"line":224,"column":21},"end":{"line":224,"column":29}},"loc":{"start":{"line":224,"column":35},"end":{"line":224,"column":46}},"line":224},"10":{"name":"(anonymous_10)","decl":{"start":{"line":225,"column":21},"end":{"line":225,"column":26}},"loc":{"start":{"line":225,"column":32},"end":{"line":225,"column":40}},"line":225},"11":{"name":"(anonymous_11)","decl":{"start":{"line":231,"column":31},"end":{"line":231,"column":36}},"loc":{"start":{"line":232,"column":16},"end":{"line":234,"column":null}},"line":232}},"branchMap":{"0":{"loc":{"start":{"line":47,"column":4},"end":{"line":53,"column":null}},"type":"if","locations":[{"start":{"line":47,"column":4},"end":{"line":53,"column":null}},{"start":{},"end":{}}],"line":47},"1":{"loc":{"start":{"line":59,"column":4},"end":{"line":61,"column":null}},"type":"if","locations":[{"start":{"line":59,"column":4},"end":{"line":61,"column":null}},{"start":{},"end":{}}],"line":59},"2":{"loc":{"start":{"line":70,"column":4},"end":{"line":77,"column":null}},"type":"if","locations":[{"start":{"line":70,"column":4},"end":{"line":77,"column":null}},{"start":{},"end":{}}],"line":70},"3":{"loc":{"start":{"line":71,"column":6},"end":{"line":74,"column":null}},"type":"binary-expr","locations":[{"start":{"line":71,"column":6},"end":{"line":71,"column":null}},{"start":{"line":72,"column":6},"end":{"line":72,"column":null}},{"start":{"line":73,"column":6},"end":{"line":73,"column":null}},{"start":{"line":74,"column":6},"end":{"line":74,"column":null}}],"line":71},"4":{"loc":{"start":{"line":116,"column":9},"end":{"line":119,"column":null}},"type":"binary-expr","locations":[{"start":{"line":116,"column":9},"end":{"line":116,"column":null}},{"start":{"line":117,"column":10},"end":{"line":119,"column":null}}],"line":116},"5":{"loc":{"start":{"line":123,"column":9},"end":{"line":146,"column":null}},"type":"binary-expr","locations":[{"start":{"line":123,"column":9},"end":{"line":123,"column":null}},{"start":{"line":124,"column":10},"end":{"line":146,"column":null}}],"line":123}},"s":{"0":2,"1":4,"2":4,"3":4,"4":4,"5":4,"6":4,"7":4,"8":4,"9":4,"10":4,"11":4,"12":4,"13":8,"14":4,"15":1,"16":1,"17":1,"18":4,"19":0,"20":0,"21":0,"22":4,"23":1,"24":1,"25":1,"26":0,"27":0,"28":1,"29":1,"30":4,"31":4,"32":4,"33":1,"34":0,"35":0,"36":0,"37":0,"38":0,"39":8},"f":{"0":4,"1":8,"2":1,"3":0,"4":1,"5":1,"6":0,"7":0,"8":0,"9":0,"10":0,"11":8},"b":{"0":[1,0],"1":[0,0],"2":[0,1],"3":[1,1,1,1],"4":[4,0],"5":[4,1]},"meta":{"lastBranch":6,"lastFunction":12,"lastStatement":40,"seen":{"s:19:6:258:Infinity":0,"f:19:6:19:23":0,"s:28:15:28:45":1,"s:29:22:29:66":2,"s:30:24:30:69":3,"s:31:17:31:51":4,"s:34:8:34:69":5,"s:35:15:35:46":6,"s:36:16:36:48":7,"s:37:18:37:52":8,"s:39:17:39:42":9,"s:41:28:41:Infinity":10,"s:42:27:42:Infinity":11,"s:43:26:43:67":12,"f:43:32:43:40":1,"s:43:46:43:67":13,"s:46:8:53:Infinity":14,"f:46:8:46:30":2,"b:47:4:53:Infinity:undefined:undefined:undefined:undefined":0,"s:47:4:53:Infinity":15,"s:52:6:52:Infinity":16,"s:53:6:53:Infinity":17,"s:58:8:61:Infinity":18,"f:58:8:58:29":3,"b:59:4:61:Infinity:undefined:undefined:undefined:undefined":1,"s:59:4:61:Infinity":19,"s:60:6:60:Infinity":20,"s:61:6:61:Infinity":21,"s:66:8:88:Infinity":22,"f:66:8:66:24":4,"s:67:4:67:Infinity":23,"s:68:10:68:67":24,"b:70:4:77:Infinity:undefined:undefined:undefined:undefined":2,"s:70:4:77:Infinity":25,"b:71:6:71:Infinity:72:6:72:Infinity:73:6:73:Infinity:74:6:74:Infinity":3,"s:76:6:76:Infinity":26,"s:77:6:77:Infinity":27,"s:80:4:87:Infinity":28,"s:88:4:88:Infinity":29,"s:92:4:92:Infinity":30,"s:94:4:94:Infinity":31,"s:96:2:258:Infinity":32,"b:116:9:116:Infinity:117:10:119:Infinity":4,"b:123:9:123:Infinity:124:10:146:Infinity":5,"f:159:14:159:25":5,"s:159:31:159:54":33,"f:172:14:172:25":6,"s:172:31:172:61":34,"f:186:16:186:27":7,"s:186:33:186:58":35,"f:221:14:221:25":8,"s:222:16:225:Infinity":36,"f:224:21:224:29":9,"s:224:35:224:46":37,"f:225:21:225:26":10,"s:225:32:225:40":38,"f:231:31:231:36":11,"s:232:16:234:Infinity":39}}}
,"D:\\Binay Uppen Sharma- I0344\\Projects\\TaskFlows - Final\\taskflows-frontend\\src\\features\\tasks\\components\\TaskForm.jsx": {"path":"D:\\Binay Uppen Sharma- I0344\\Projects\\TaskFlows - Final\\taskflows-frontend\\src\\features\\tasks\\components\\TaskForm.jsx","statementMap":{"0":{"start":{"line":14,"column":6},"end":{"line":288,"column":null}},"1":{"start":{"line":22,"column":15},"end":{"line":22,"column":38}},"2":{"start":{"line":23,"column":22},"end":{"line":23,"column":52}},"3":{"start":{"line":26,"column":15},"end":{"line":26,"column":38}},"4":{"start":{"line":27,"column":16},"end":{"line":27,"column":40}},"5":{"start":{"line":28,"column":18},"end":{"line":28,"column":44}},"6":{"start":{"line":31,"column":24},"end":{"line":31,"column":76}},"7":{"start":{"line":32,"column":21},"end":{"line":32,"column":50}},"8":{"start":{"line":33,"column":17},"end":{"line":33,"column":42}},"9":{"start":{"line":35,"column":26},"end":{"line":35,"column":67}},"10":{"start":{"line":35,"column":46},"end":{"line":35,"column":67}},"11":{"start":{"line":37,"column":24},"end":{"line":40,"column":null}},"12":{"start":{"line":39,"column":6},"end":{"line":40,"column":65}},"13":{"start":{"line":44,"column":8},"end":{"line":55,"column":null}},"14":{"start":{"line":45,"column":22},"end":{"line":45,"column":24}},"15":{"start":{"line":46,"column":4},"end":{"line":46,"column":null}},"16":{"start":{"line":46,"column":22},"end":{"line":46,"column":null}},"17":{"start":{"line":47,"column":4},"end":{"line":47,"column":null}},"18":{"start":{"line":47,"column":29},"end":{"line":47,"column":null}},"19":{"start":{"line":49,"column":10},"end":{"line":49,"column":61}},"20":{"start":{"line":50,"column":4},"end":{"line":50,"column":null}},"21":{"start":{"line":50,"column":25},"end":{"line":50,"column":null}},"22":{"start":{"line":52,"column":4},"end":{"line":53,"column":null}},"23":{"start":{"line":53,"column":6},"end":{"line":53,"column":null}},"24":{"start":{"line":54,"column":4},"end":{"line":54,"column":null}},"25":{"start":{"line":55,"column":4},"end":{"line":55,"column":null}},"26":{"start":{"line":59,"column":8},"end":{"line":86,"column":null}},"27":{"start":{"line":60,"column":4},"end":{"line":60,"column":null}},"28":{"start":{"line":61,"column":4},"end":{"line":61,"column":null}},"29":{"start":{"line":61,"column":21},"end":{"line":61,"column":null}},"30":{"start":{"line":63,"column":10},"end":{"line":63,"column":64}},"31":{"start":{"line":64,"column":31},"end":{"line":66,"column":null}},"32":{"start":{"line":68,"column":4},"end":{"line":76,"column":null}},"33":{"start":{"line":79,"column":4},"end":{"line":79,"column":null}},"34":{"start":{"line":80,"column":4},"end":{"line":80,"column":null}},"35":{"start":{"line":81,"column":4},"end":{"line":81,"column":null}},"36":{"start":{"line":82,"column":4},"end":{"line":82,"column":null}},"37":{"start":{"line":83,"column":4},"end":{"line":83,"column":null}},"38":{"start":{"line":84,"column":4},"end":{"line":84,"column":null}},"39":{"start":{"line":85,"column":4},"end":{"line":85,"column":null}},"40":{"start":{"line":86,"column":4},"end":{"line":86,"column":null}},"41":{"start":{"line":90,"column":8},"end":{"line":98,"column":null}},"42":{"start":{"line":91,"column":4},"end":{"line":98,"column":null}},"43":{"start":{"line":92,"column":27},"end":{"line":94,"column":27}},"44":{"start":{"line":93,"column":30},"end":{"line":93,"column":44}},"45":{"start":{"line":95,"column":6},"end":{"line":96,"column":null}},"46":{"start":{"line":96,"column":8},"end":{"line":96,"column":null}},"47":{"start":{"line":96,"column":26},"end":{"line":96,"column":57}},"48":{"start":{"line":97,"column":6},"end":{"line":97,"column":null}},"49":{"start":{"line":102,"column":4},"end":{"line":102,"column":null}},"50":{"start":{"line":104,"column":4},"end":{"line":104,"column":null}},"51":{"start":{"line":106,"column":4},"end":{"line":106,"column":null}},"52":{"start":{"line":108,"column":2},"end":{"line":288,"column":null}},"53":{"start":{"line":130,"column":31},"end":{"line":130,"column":54}},"54":{"start":{"line":146,"column":31},"end":{"line":146,"column":61}},"55":{"start":{"line":210,"column":37},"end":{"line":210,"column":66}},"56":{"start":{"line":224,"column":39},"end":{"line":224,"column":70}},"57":{"start":{"line":225,"column":20},"end":{"line":266,"column":null}},"58":{"start":{"line":228,"column":39},"end":{"line":228,"column":58}}},"fnMap":{"0":{"name":"(anonymous_0)","decl":{"start":{"line":14,"column":6},"end":{"line":14,"column":18}},"loc":{"start":{"line":20,"column":6},"end":{"line":288,"column":null}},"line":20},"1":{"name":"(anonymous_1)","decl":{"start":{"line":35,"column":32},"end":{"line":35,"column":40}},"loc":{"start":{"line":35,"column":46},"end":{"line":35,"column":67}},"line":35},"2":{"name":"(anonymous_2)","decl":{"start":{"line":37,"column":40},"end":{"line":37,"column":null}},"loc":{"start":{"line":39,"column":6},"end":{"line":40,"column":65}},"line":39},"3":{"name":"(anonymous_3)","decl":{"start":{"line":44,"column":8},"end":{"line":44,"column":25}},"loc":{"start":{"line":44,"column":25},"end":{"line":55,"column":null}},"line":44},"4":{"name":"(anonymous_4)","decl":{"start":{"line":59,"column":8},"end":{"line":59,"column":24}},"loc":{"start":{"line":59,"column":30},"end":{"line":86,"column":null}},"line":59},"5":{"name":"(anonymous_5)","decl":{"start":{"line":90,"column":8},"end":{"line":90,"column":22}},"loc":{"start":{"line":90,"column":33},"end":{"line":98,"column":null}},"line":90},"6":{"name":"(anonymous_6)","decl":{"start":{"line":91,"column":4},"end":{"line":91,"column":22}},"loc":{"start":{"line":91,"column":31},"end":{"line":98,"column":null}},"line":91},"7":{"name":"(anonymous_7)","decl":{"start":{"line":93,"column":15},"end":{"line":93,"column":23}},"loc":{"start":{"line":93,"column":30},"end":{"line":93,"column":44}},"line":93},"8":{"name":"(anonymous_8)","decl":{"start":{"line":96,"column":8},"end":{"line":96,"column":19}},"loc":{"start":{"line":96,"column":26},"end":{"line":96,"column":57}},"line":96},"9":{"name":"(anonymous_9)","decl":{"start":{"line":130,"column":14},"end":{"line":130,"column":25}},"loc":{"start":{"line":130,"column":31},"end":{"line":130,"column":54}},"line":130},"10":{"name":"(anonymous_10)","decl":{"start":{"line":146,"column":14},"end":{"line":146,"column":25}},"loc":{"start":{"line":146,"column":31},"end":{"line":146,"column":61}},"line":146},"11":{"name":"(anonymous_11)","decl":{"start":{"line":210,"column":20},"end":{"line":210,"column":31}},"loc":{"start":{"line":210,"column":37},"end":{"line":210,"column":66}},"line":210},"12":{"name":"(anonymous_12)","decl":{"start":{"line":223,"column":32},"end":{"line":223,"column":37}},"loc":{"start":{"line":223,"column":46},"end":{"line":266,"column":null}},"line":223},"13":{"name":"(anonymous_13)","decl":{"start":{"line":228,"column":24},"end":{"line":228,"column":39}},"loc":{"start":{"line":228,"column":39},"end":{"line":228,"column":58}},"line":228}},"branchMap":{"0":{"loc":{"start":{"line":18,"column":2},"end":{"line":18,"column":29}},"type":"default-arg","locations":[{"start":{"line":18,"column":27},"end":{"line":18,"column":29}}],"line":18},"1":{"loc":{"start":{"line":19,"column":2},"end":{"line":19,"column":null}},"type":"default-arg","locations":[{"start":{"line":19,"column":15},"end":{"line":19,"column":null}}],"line":19},"2":{"loc":{"start":{"line":39,"column":6},"end":{"line":40,"column":65}},"type":"binary-expr","locations":[{"start":{"line":39,"column":6},"end":{"line":39,"column":61}},{"start":{"line":40,"column":6},"end":{"line":40,"column":65}}],"line":39},"3":{"loc":{"start":{"line":46,"column":4},"end":{"line":46,"column":null}},"type":"if","locations":[{"start":{"line":46,"column":4},"end":{"line":46,"column":null}},{"start":{},"end":{}}],"line":46},"4":{"loc":{"start":{"line":47,"column":4},"end":{"line":47,"column":null}},"type":"if","locations":[{"start":{"line":47,"column":4},"end":{"line":47,"column":null}},{"start":{},"end":{}}],"line":47},"5":{"loc":{"start":{"line":50,"column":4},"end":{"line":50,"column":null}},"type":"if","locations":[{"start":{"line":50,"column":4},"end":{"line":50,"column":null}},{"start":{},"end":{}}],"line":50},"6":{"loc":{"start":{"line":52,"column":4},"end":{"line":53,"column":null}},"type":"if","locations":[{"start":{"line":52,"column":4},"end":{"line":53,"column":null}},{"start":{},"end":{}}],"line":52},"7":{"loc":{"start":{"line":52,"column":8},"end":{"line":52,"column":null}},"type":"binary-expr","locations":[{"start":{"line":52,"column":8},"end":{"line":52,"column":23}},{"start":{"line":52,"column":23},"end":{"line":52,"column":null}}],"line":52},"8":{"loc":{"start":{"line":61,"column":4},"end":{"line":61,"column":null}},"type":"if","locations":[{"start":{"line":61,"column":4},"end":{"line":61,"column":null}},{"start":{},"end":{}}],"line":61},"9":{"loc":{"start":{"line":64,"column":31},"end":{"line":66,"column":null}},"type":"cond-expr","locations":[{"start":{"line":65,"column":8},"end":{"line":65,"column":null}},{"start":{"line":66,"column":8},"end":{"line":66,"column":null}}],"line":64},"10":{"loc":{"start":{"line":92,"column":27},"end":{"line":94,"column":27}},"type":"cond-expr","locations":[{"start":{"line":93,"column":10},"end":{"line":93,"column":44}},{"start":{"line":94,"column":10},"end":{"line":94,"column":27}}],"line":92},"11":{"loc":{"start":{"line":95,"column":6},"end":{"line":96,"column":null}},"type":"if","locations":[{"start":{"line":95,"column":6},"end":{"line":96,"column":null}},{"start":{},"end":{}}],"line":95},"12":{"loc":{"start":{"line":113,"column":10},"end":{"line":113,"column":null}},"type":"cond-expr","locations":[{"start":{"line":113,"column":24},"end":{"line":113,"column":61}},{"start":{"line":113,"column":61},"end":{"line":113,"column":null}}],"line":113},"13":{"loc":{"start":{"line":119,"column":12},"end":{"line":119,"column":null}},"type":"cond-expr","locations":[{"start":{"line":119,"column":26},"end":{"line":119,"column":44}},{"start":{"line":119,"column":44},"end":{"line":119,"column":null}}],"line":119},"14":{"loc":{"start":{"line":133,"column":16},"end":{"line":133,"column":null}},"type":"cond-expr","locations":[{"start":{"line":133,"column":30},"end":{"line":133,"column":66}},{"start":{"line":133,"column":66},"end":{"line":133,"column":null}}],"line":133},"15":{"loc":{"start":{"line":136,"column":13},"end":{"line":136,"column":null}},"type":"binary-expr","locations":[{"start":{"line":136,"column":13},"end":{"line":136,"column":28}},{"start":{"line":136,"column":28},"end":{"line":136,"column":null}}],"line":136},"16":{"loc":{"start":{"line":149,"column":16},"end":{"line":149,"column":null}},"type":"cond-expr","locations":[{"start":{"line":149,"column":37},"end":{"line":149,"column":73}},{"start":{"line":149,"column":73},"end":{"line":149,"column":null}}],"line":149},"17":{"loc":{"start":{"line":152,"column":13},"end":{"line":153,"column":null}},"type":"binary-expr","locations":[{"start":{"line":152,"column":13},"end":{"line":152,"column":null}},{"start":{"line":153,"column":14},"end":{"line":153,"column":null}}],"line":152},"18":{"loc":{"start":{"line":171,"column":13},"end":{"line":171,"column":null}},"type":"binary-expr","locations":[{"start":{"line":171,"column":13},"end":{"line":171,"column":28}},{"start":{"line":171,"column":28},"end":{"line":171,"column":null}}],"line":171},"19":{"loc":{"start":{"line":175,"column":11},"end":{"line":179,"column":null}},"type":"binary-expr","locations":[{"start":{"line":175,"column":11},"end":{"line":175,"column":null}},{"start":{"line":176,"column":12},"end":{"line":179,"column":null}}],"line":175},"20":{"loc":{"start":{"line":186,"column":9},"end":{"line":285,"column":null}},"type":"binary-expr","locations":[{"start":{"line":186,"column":9},"end":{"line":186,"column":null}},{"start":{"line":187,"column":10},"end":{"line":285,"column":null}}],"line":186},"21":{"loc":{"start":{"line":199,"column":16},"end":{"line":199,"column":null}},"type":"cond-expr","locations":[{"start":{"line":199,"column":39},"end":{"line":199,"column":61}},{"start":{"line":199,"column":61},"end":{"line":199,"column":null}}],"line":199},"22":{"loc":{"start":{"line":218,"column":17},"end":{"line":266,"column":null}},"type":"cond-expr","locations":[{"start":{"line":219,"column":18},"end":{"line":221,"column":null}},{"start":{"line":223,"column":18},"end":{"line":266,"column":null}}],"line":218},"23":{"loc":{"start":{"line":230,"column":26},"end":{"line":232,"column":null}},"type":"cond-expr","locations":[{"start":{"line":231,"column":30},"end":{"line":231,"column":null}},{"start":{"line":232,"column":30},"end":{"line":232,"column":null}}],"line":230},"24":{"loc":{"start":{"line":238,"column":28},"end":{"line":240,"column":null}},"type":"cond-expr","locations":[{"start":{"line":239,"column":32},"end":{"line":239,"column":null}},{"start":{"line":240,"column":32},"end":{"line":240,"column":null}}],"line":238},"25":{"loc":{"start":{"line":243,"column":27},"end":{"line":247,"column":null}},"type":"cond-expr","locations":[{"start":{"line":244,"column":28},"end":{"line":244,"column":null}},{"start":{"line":246,"column":28},"end":{"line":247,"column":null}}],"line":243},"26":{"loc":{"start":{"line":255,"column":30},"end":{"line":257,"column":null}},"type":"cond-expr","locations":[{"start":{"line":256,"column":34},"end":{"line":256,"column":null}},{"start":{"line":257,"column":34},"end":{"line":257,"column":null}}],"line":255},"27":{"loc":{"start":{"line":274,"column":13},"end":{"line":275,"column":null}},"type":"binary-expr","locations":[{"start":{"line":274,"column":13},"end":{"line":274,"column":null}},{"start":{"line":275,"column":14},"end":{"line":275,"column":null}}],"line":274}},"s":{"0":2,"1":5,"2":5,"3":5,"4":5,"5":5,"6":5,"7":5,"8":5,"9":5,"10":10,"11":5,"12":6,"13":5,"14":1,"15":1,"16":0,"17":1,"18":0,"19":1,"20":1,"21":0,"22":1,"23":0,"24":1,"25":1,"26":5,"27":1,"28":1,"29":0,"30":1,"31":1,"32":1,"33":1,"34":1,"35":1,"36":1,"37":1,"38":1,"39":1,"40":1,"41":5,"42":0,"43":0,"44":0,"45":0,"46":0,"47":0,"48":0,"49":5,"50":5,"51":5,"52":5,"53":1,"54":1,"55":0,"56":2,"57":2,"58":0},"f":{"0":5,"1":10,"2":6,"3":1,"4":1,"5":0,"6":0,"7":0,"8":0,"9":1,"10":1,"11":0,"12":2,"13":0},"b":{"0":[5],"1":[5],"2":[6,0],"3":[0,1],"4":[0,1],"5":[0,1],"6":[0,1],"7":[1,0],"8":[0,1],"9":[1,0],"10":[0,0],"11":[0,0],"12":[1,4],"13":[1,4],"14":[0,5],"15":[5,0],"16":[0,5],"17":[5,0],"18":[5,0],"19":[5,4],"20":[5,1],"21":[0,1],"22":[0,1],"23":[0,2],"24":[0,2],"25":[0,2],"26":[0,2],"27":[1,0]},"meta":{"lastBranch":28,"lastFunction":14,"lastStatement":59,"seen":{"s:14:6:288:Infinity":0,"f:14:6:14:18":0,"b:18:27:18:29":0,"b:19:15:19:Infinity":1,"s:22:15:22:38":1,"s:23:22:23:52":2,"s:26:15:26:38":3,"s:27:16:27:40":4,"s:28:18:28:44":5,"s:31:24:31:76":6,"s:32:21:32:50":7,"s:33:17:33:42":8,"s:35:26:35:67":9,"f:35:32:35:40":1,"s:35:46:35:67":10,"s:37:24:40:Infinity":11,"f:37:40:37:Infinity":2,"s:39:6:40:65":12,"b:39:6:39:61:40:6:40:65":2,"s:44:8:55:Infinity":13,"f:44:8:44:25":3,"s:45:22:45:24":14,"b:46:4:46:Infinity:undefined:undefined:undefined:undefined":3,"s:46:4:46:Infinity":15,"s:46:22:46:Infinity":16,"b:47:4:47:Infinity:undefined:undefined:undefined:undefined":4,"s:47:4:47:Infinity":17,"s:47:29:47:Infinity":18,"s:49:10:49:61":19,"b:50:4:50:Infinity:undefined:undefined:undefined:undefined":5,"s:50:4:50:Infinity":20,"s:50:25:50:Infinity":21,"b:52:4:53:Infinity:undefined:undefined:undefined:undefined":6,"s:52:4:53:Infinity":22,"b:52:8:52:23:52:23:52:Infinity":7,"s:53:6:53:Infinity":23,"s:54:4:54:Infinity":24,"s:55:4:55:Infinity":25,"s:59:8:86:Infinity":26,"f:59:8:59:24":4,"s:60:4:60:Infinity":27,"b:61:4:61:Infinity:undefined:undefined:undefined:undefined":8,"s:61:4:61:Infinity":28,"s:61:21:61:Infinity":29,"s:63:10:63:64":30,"s:64:31:66:Infinity":31,"b:65:8:65:Infinity:66:8:66:Infinity":9,"s:68:4:76:Infinity":32,"s:79:4:79:Infinity":33,"s:80:4:80:Infinity":34,"s:81:4:81:Infinity":35,"s:82:4:82:Infinity":36,"s:83:4:83:Infinity":37,"s:84:4:84:Infinity":38,"s:85:4:85:Infinity":39,"s:86:4:86:Infinity":40,"s:90:8:98:Infinity":41,"f:90:8:90:22":5,"s:91:4:98:Infi
[...]
column":13},"end":{"line":204,"column":null}},"line":204},"10":{"name":"(anonymous_10)","decl":{"start":{"line":211,"column":17},"end":{"line":211,"column":26}},"loc":{"start":{"line":211,"column":32},"end":{"line":214,"column":null}},"line":211},"11":{"name":"(anonymous_11)","decl":{"start":{"line":267,"column":10},"end":{"line":267,"column":25}},"loc":{"start":{"line":267,"column":25},"end":{"line":267,"column":51}},"line":267},"12":{"name":"(anonymous_12)","decl":{"start":{"line":276,"column":19},"end":{"line":276,"column":24}},"loc":{"start":{"line":277,"column":10},"end":{"line":296,"column":null}},"line":277},"13":{"name":"(anonymous_13)","decl":{"start":{"line":326,"column":18},"end":{"line":326,"column":33}},"loc":{"start":{"line":326,"column":33},"end":{"line":326,"column":60}},"line":326},"14":{"name":"(anonymous_14)","decl":{"start":{"line":334,"column":41},"end":{"line":334,"column":47}},"loc":{"start":{"line":334,"column":53},"end":{"line":334,"column":80}},"line":334},"15":{"name":"(anonymous_15)","decl":{"start":{"line":356,"column":16},"end":{"line":356,"column":31}},"loc":{"start":{"line":356,"column":31},"end":{"line":356,"column":71}},"line":356},"16":{"name":"(anonymous_16)","decl":{"start":{"line":389,"column":24},"end":{"line":389,"column":35}},"loc":{"start":{"line":389,"column":41},"end":{"line":389,"column":76}},"line":389},"17":{"name":"(anonymous_17)","decl":{"start":{"line":419,"column":37},"end":{"line":419,"column":42}},"loc":{"start":{"line":420,"column":16},"end":{"line":430,"column":null}},"line":420},"18":{"name":"(anonymous_18)","decl":{"start":{"line":422,"column":18},"end":{"line":422,"column":33}},"loc":{"start":{"line":422,"column":33},"end":{"line":422,"column":62}},"line":422},"19":{"name":"(anonymous_19)","decl":{"start":{"line":451,"column":10},"end":{"line":451,"column":25}},"loc":{"start":{"line":451,"column":25},"end":{"line":451,"column":null}},"line":451}},"branchMap":{"0":{"loc":{"start":{"line":156,"column":26},"end":{"line":156,"column":null}},"type":"binary-expr","locations":[{"start":{"line":156,"column":26},"end":{"line":156,"column":65}},{"start":{"line":156,"column":69},"end":{"line":156,"column":null}}],"line":156},"1":{"loc":{"start":{"line":175,"column":8},"end":{"line":175,"column":null}},"type":"cond-expr","locations":[{"start":{"line":175,"column":36},"end":{"line":175,"column":44}},{"start":{"line":175,"column":44},"end":{"line":175,"column":null}}],"line":175},"2":{"loc":{"start":{"line":184,"column":8},"end":{"line":185,"column":61}},"type":"binary-expr","locations":[{"start":{"line":184,"column":8},"end":{"line":184,"column":null}},{"start":{"line":185,"column":8},"end":{"line":185,"column":61}}],"line":184},"3":{"loc":{"start":{"line":187,"column":4},"end":{"line":187,"column":null}},"type":"if","locations":[{"start":{"line":187,"column":4},"end":{"line":187,"column":null}},{"start":{},"end":{}}],"line":187},"4":{"loc":{"start":{"line":195,"column":4},"end":{"line":195,"column":null}},"type":"if","locations":[{"start":{"line":195,"column":4},"end":{"line":195,"column":null}},{"start":{},"end":{}}],"line":195},"5":{"loc":{"start":{"line":202,"column":4},"end":{"line":202,"column":null}},"type":"if","locations":[{"start":{"line":202,"column":4},"end":{"line":202,"column":null}},{"start":{},"end":{}}],"line":202},"6":{"loc":{"start":{"line":204,"column":13},"end":{"line":204,"column":null}},"type":"binary-expr","locations":[{"start":{"line":204,"column":13},"end":{"line":204,"column":41}},{"start":{"line":204,"column":41},"end":{"line":204,"column":null}}],"line":204},"7":{"loc":{"start":{"line":207,"column":4},"end":{"line":215,"column":null}},"type":"if","locations":[{"start":{"line":207,"column":4},"end":{"line":215,"column":null}},{"start":{},"end":{}}],"line":207},"8":{"loc":{"start":{"line":208,"column":6},"end":{"line":209,"column":60}},"type":"binary-expr","locations":[{"start":{"line":208,"column":6},"end":{"line":208,"column":null}},{"start":{"line":209,"column":6},"end":{"line":209,"column":60}}],"line":208},"9":{"loc":{"start":{"line":212,"column":8},"end":{"line":212,"column":null}},"type":"if","locations":[{"start":{"line":212,"column":8},"end":{"line":212,"column":null}},{"start":{},"end":{}}],"line":212},"10":{"loc":{"start":{"line":328,"column":20},"end":{"line":330,"column":null}},"type":"cond-expr","locations":[{"start":{"line":329,"column":24},"end":{"line":329,"column":null}},{"start":{"line":330,"column":24},"end":{"line":330,"column":null}}],"line":328},"11":{"loc":{"start":{"line":334,"column":19},"end":{"line":335,"column":null}},"type":"binary-expr","locations":[{"start":{"line":334,"column":19},"end":{"line":335,"column":31}},{"start":{"line":335,"column":31},"end":{"line":335,"column":null}}],"line":334},"12":{"loc":{"start":{"line":338,"column":22},"end":{"line":338,"column":null}},"type":"cond-expr","locations":[{"start":{"line":338,"column":57},"end":{"line":338,"column":72}},{"start":{"line":338,"column":72},"end":{"line":338,"column":null}}],"line":338},"13":{"loc":{"start":{"line":343,"column":17},"end":{"line":348,"column":null}},"type":"binary-expr","locations":[{"start":{"line":343,"column":17},"end":{"line":343,"column":null}},{"start":{"line":344,"column":18},"end":{"line":348,"column":null}}],"line":343},"14":{"loc":{"start":{"line":363,"column":20},"end":{"line":363,"column":null}},"type":"cond-expr","locations":[{"start":{"line":363,"column":40},"end":{"line":363,"column":55}},{"start":{"line":363,"column":55},"end":{"line":363,"column":null}}],"line":363},"15":{"loc":{"start":{"line":368,"column":15},"end":{"line":402,"column":null}},"type":"binary-expr","locations":[{"start":{"line":368,"column":15},"end":{"line":368,"column":null}},{"start":{"line":369,"column":16},"end":{"line":402,"column":null}}],"line":368},"16":{"loc":{"start":{"line":410,"column":14},"end":{"line":412,"column":null}},"type":"cond-expr","locations":[{"start":{"line":411,"column":18},"end":{"line":411,"column":null}},{"start":{"line":412,"column":18},"end":{"line":412,"column":null}}],"line":410},"17":{"loc":{"start":{"line":424,"column":20},"end":{"line":426,"column":null}},"type":"cond-expr","locations":[{"start":{"line":425,"column":24},"end":{"line":425,"column":null}},{"start":{"line":426,"column":24},"end":{"line":426,"column":null}}],"line":424},"18":{"loc":{"start":{"line":447,"column":7},"end":{"line":451,"column":null}},"type":"binary-expr","locations":[{"start":{"line":447,"column":7},"end":{"line":447,"column":28}},{"start":{"line":447,"column":28},"end":{"line":447,"column":null}},{"start":{"line":448,"column":8},"end":{"line":451,"column":null}}],"line":447}},"s":{"0":1,"1":1,"2":1,"3":11,"4":11,"5":11,"6":11,"7":11,"8":1,"9":1,"10":1,"11":1,"12":1,"13":0,"14":0,"15":11,"16":0,"17":0,"18":0,"19":0,"20":0,"21":0,"22":0,"23":11,"24":0,"25":0,"26":0,"27":0,"28":0,"29":0,"30":0,"31":11,"32":0,"33":0,"34":0,"35":0,"36":0,"37":0,"38":0,"39":0,"40":0,"41":0,"42":11,"43":11,"44":1,"45":55,"46":1,"47":26,"48":0,"49":0,"50":77,"51":1,"52":1},"f":{"0":11,"1":1,"2":0,"3":0,"4":0,"5":0,"6":0,"7":0,"8":0,"9":0,"10":0,"11":1,"12":55,"13":1,"14":26,"15":0,"16":0,"17":77,"18":1,"19":1},"b":{"0":[1,0],"1":[0,0],"2":[0,0],"3":[0,0],"4":[0,0],"5":[0,0],"6":[0,0],"7":[0,0],"8":[0,0],"9":[0,0],"10":[1,10],"11":[11,0],"12":[1,10],"13":[11,3],"14":[0,11],"15":[11,0],"16":[1,10],"17":[11,66],"18":[11,1,1]},"meta":{"lastBranch":19,"lastFunction":20,"lastStatement":53,"seen":{"s:25:22:68:Infinity":0,"s:71:30:128:Infinity":1,"s:131:6:454:Infinity":2,"f:131:6:131:28":0,"s:146:4:147:30":3,"s:150:28:150:67":4,"s:151:28:151:67":5,"s:152:25:152:61":6,"s:155:27:176:Infinity":7,"f:155:27:155:34":1,"s:156:26:156:Infinity":8,"b:156:26:156:65:156:69:156:Infinity":0,"s:158:4:176:Infinity":9,"s:160:6:168:Infinity":10,"s:170:6:170:Infinity":11,"s:171:6:171:Infinity":12,"s:173:6:173:Infinity":13,"s:174:6:176:Infinity":14,"b:175:36:175:44:175:44:175:Infinity":1,"s:181:8:189:Infinity":15,"f:181:8:181:31":2,"s:182:20:185:Infinity":16,"f:182:26:182:Infinity":3,"s:184:8:185:61":17,"b:184:8:184:Infinity:185:8:185:61":2,"b:187:4:187:Infinity:undefined:undefined:undefined:undefined":3,"s:187:4:187:Infinity":18,"s:187:25:187:Infinity":19,"s:188:4:188:Infinity":20,"f:188:12:188:21":4,"s:188:27:188:56":21,"s:189:4:189:Infinity":22,"s:193:8:197:Infinity":23,"f:193:8:193:30":5,"s:194:19:194:63":24,"f:194:25:194:33":6,"s:194:39:194:63":25,"b:195:4:195:Infinity:undefined:undefined:undefined:undefined":4,"s:195:4:195:Infinity":26,"s:195:24:195:Infinity":27,"s:196:4:196:Infinity":28,"f:196:11:196:20":7,"s:196:26:196:54":29,"s:197:4:197:Infinity":30,"s:201:8:215:Infinity":31,"f:201:8:201:34":8,"b:202:4:202:Infinity:undefined:undefined:undefined:undefined":5,"s:202:4:202:Infinity":32,"s:202:25:202:Infinity":33,"s:203:23:204:Infinity":34,"f:203:29:203:Infinity":9,"s:204:13:204:Infinity":35,"b:204:13:204:41:204:41:204:Infinity":6,"b:207:4:215:Infinity:undefined:undefined:undefined:undefined":7,"s:207:4:215:Infinity":36,"b:208:6:208:Infinity:209:6:209:60":8,"s:211:6:214:Infinity":37,"f:211:17:211:26":10,"b:212:8:212:Infinity:undefined:undefined:undefined:undefined":9,"s:212:8:212:Infinity":38,"s:212:37:212:Infinity":39,"s:213:8:213:Infinity":40,"s:215:6:215:Infinity":41,"s:220:20:251:Infinity":42,"s:254:2:454:Infinity":43,"f:267:10:267:25":11,"s:267:25:267:51":44,"f:276:19:276:24":12,"s:277:10:296:Infinity":45,"f:326:18:326:33":13,"s:326:33:326:60":46,"b:329:24:329:Infinity:330:24:330:Infinity":10,"b:334:19:335:31:335:31:335:Infinity":11,"f:334:41:334:47":14,"s:334:53:334:80":47,"b:338:57:338:72:338:72:338:Infinity":12,"b:343:17:343:Infinity:344:18:348:Infinity":13,"f:356:16:356:31":15,"s:356:31:356:71":48,"b:363:40:363:55:363:55:363:Infinity":14,"b:368:15:368:Infinity:369:16:402:Infinity":15,"f:389:24:389:35":16,"s:389:41:389:76":49,"b:411:18:411:Infinity:412:18:412:Infinity":16,"f:419:37:419:42":17,"s:420:16:430:Infinity":50,"f:422:18:422:33":18,"s:422:33:422:62":51,"b:425:24:425:Infinity:426:24:426:Infinity":17,"b:447:7:447:28:447:28:447:Infinity:448:8:451:Infinity":18,"f:451:10:451:25":19,"s:451:25:451:Infinity":52}}}
,"D:\\Binay Uppen Sharma- I0344\\Projects\\TaskFlows - Final\\taskflows-frontend\\src\\test\\utils.jsx": {"path":"D:\\Binay Uppen Sharma- I0344\\Projects\\TaskFlows - Final\\taskflows-frontend\\src\\test\\utils.jsx","statementMap":{"0":{"start":{"line":27,"column":4},"end":{"line":31,"column":null}},"1":{"start":{"line":35,"column":2},"end":{"line":35,"column":null}}},"fnMap":{"0":{"name":"renderWithProviders","decl":{"start":{"line":10,"column":16},"end":{"line":10,"column":null}},"loc":{"start":{"line":25,"column":2},"end":{"line":35,"column":null}},"line":25},"1":{"name":"Wrapper","decl":{"start":{"line":26,"column":11},"end":{"line":26,"column":19}},"loc":{"start":{"line":26,"column":33},"end":{"line":31,"column":null}},"line":26}},"branchMap":{"0":{"loc":{"start":{"line":12,"column":2},"end":{"line":24,"column":8}},"type":"default-arg","locations":[{"start":{"line":24,"column":6},"end":{"line":24,"column":8}}],"line":12},"1":{"loc":{"start":{"line":13,"column":4},"end":{"line":13,"column":23}},"type":"default-arg","locations":[{"start":{"line":13,"column":21},"end":{"line":13,"column":23}}],"line":13},"2":{"loc":{"start":{"line":14,"column":4},"end":{"line":21,"column":6}},"type":"default-arg","locations":[{"start":{"line":14,"column":4},"end":{"line":21,"column":6}}],"line":14},"3":{"loc":{"start":{"line":22,"column":4},"end":{"line":22,"column":null}},"type":"default-arg","locations":[{"start":{"line":22,"column":20},"end":{"line":22,"column":null}}],"line":22},"4":{"loc":{"start":{"line":30,"column":9},"end":{"line":30,"column":null}},"type":"cond-expr","locations":[{"start":{"line":30,"column":25},"end":{"line":30,"column":69}},{"start":{"line":30,"column":69},"end":{"line":30,"column":null}}],"line":30}},"s":{"0":18,"1":18},"f":{"0":18,"1":18},"b":{"0":[18],"1":[18],"2":[18],"3":[18],"4":[17,1]},"meta":{"lastBranch":5,"lastFunction":2,"lastStatement":2,"seen":{"f:10:16:10:Infinity":0,"b:24:6:24:8":0,"b:13:21:13:23":1,"b:14:4:21:6":2,"b:22:20:22:Infinity":3,"f:26:11:26:19":1,"s:27:4:31:Infinity":0,"b:30:25:30:69:30:69:30:Infinity":4,"s:35:2:35:Infinity":1}}}
,"D:\\Binay Uppen Sharma- I0344\\Projects\\TaskFlows - Final\\taskflows-frontend\\src\\utils\\timeUtils.jsx": {"path":"D:\\Binay Uppen Sharma- I0344\\Projects\\TaskFlows - Final\\taskflows-frontend\\src\\utils\\timeUtils.jsx","statementMap":{"0":{"start":{"line":2,"column":13},"end":{"line":21,"column":null}},"1":{"start":{"line":3,"column":2},"end":{"line":3,"column":null}},"2":{"start":{"line":3,"column":59},"end":{"line":3,"column":null}},"3":{"start":{"line":6,"column":21},"end":{"line":6,"column":null}},"4":{"start":{"line":7,"column":26},"end":{"line":7,"column":48}},"5":{"start":{"line":10,"column":15},"end":{"line":10,"column":49}},"6":{"start":{"line":11,"column":16},"end":{"line":11,"column":57}},"7":{"start":{"line":12,"column":18},"end":{"line":12,"column":null}},"8":{"start":{"line":15,"column":16},"end":{"line":15,"column":18}},"9":{"start":{"line":16,"column":2},"end":{"line":16,"column":null}},"10":{"start":{"line":16,"column":16},"end":{"line":16,"column":null}},"11":{"start":{"line":17,"column":2},"end":{"line":17,"column":null}},"12":{"start":{"line":17,"column":17},"end":{"line":17,"column":null}},"13":{"start":{"line":18,"column":2},"end":{"line":18,"column":null}},"14":{"start":{"line":18,"column":41},"end":{"line":18,"column":null}},"15":{"start":{"line":21,"column":2},"end":{"line":21,"column":null}},"16":{"start":{"line":25,"column":13},"end":{"line":31,"column":null}},"17":{"start":{"line":27,"column":15},"end":{"line":27,"column":null}},"18":{"start":{"line":28,"column":16},"end":{"line":28,"column":null}},"19":{"start":{"line":29,"column":18},"end":{"line":29,"column":null}},"20":{"start":{"line":31,"column":2},"end":{"line":31,"column":null}},"21":{"start":{"line":35,"column":13},"end":{"line":49,"column":null}},"22":{"start":{"line":37,"column":2},"end":{"line":37,"column":null}},"23":{"start":{"line":37,"column":21},"end":{"line":37,"column":null}},"24":{"start":{"line":40,"column":15},"end":{"line":40,"column":46}},"25":{"start":{"line":41,"column":16},"end":{"line":41,"column":54}},"26":{"start":{"line":42,"column":18},"end":{"line":42,"column":null}},"27":{"start":{"line":45,"column":2},"end":{"line":49,"column":null}}},"fnMap":{"0":{"name":"(anonymous_0)","decl":{"start":{"line":2,"column":13},"end":{"line":2,"column":36}},"loc":{"start":{"line":2,"column":53},"end":{"line":21,"column":null}},"line":2},"1":{"name":"(anonymous_1)","decl":{"start":{"line":25,"column":13},"end":{"line":25,"column":34}},"loc":{"start":{"line":25,"column":46},"end":{"line":31,"column":null}},"line":25},"2":{"name":"(anonymous_2)","decl":{"start":{"line":35,"column":13},"end":{"line":35,"column":40}},"loc":{"start":{"line":35,"column":57},"end":{"line":49,"column":null}},"line":35}},"branchMap":{"0":{"loc":{"start":{"line":3,"column":2},"end":{"line":3,"column":null}},"type":"if","locations":[{"start":{"line":3,"column":2},"end":{"line":3,"column":null}},{"start":{},"end":{}}],"line":3},"1":{"loc":{"start":{"line":3,"column":6},"end":{"line":3,"column":59}},"type":"binary-expr","locations":[{"start":{"line":3,"column":6},"end":{"line":3,"column":31}},{"start":{"line":3,"column":31},"end":{"line":3,"column":59}}],"line":3},"2":{"loc":{"start":{"line":16,"column":2},"end":{"line":16,"column":null}},"type":"if","locations":[{"start":{"line":16,"column":2},"end":{"line":16,"column":null}},{"start":{},"end":{}}],"line":16},"3":{"loc":{"start":{"line":17,"column":2},"end":{"line":17,"column":null}},"type":"if","locations":[{"start":{"line":17,"column":2},"end":{"line":17,"column":null}},{"start":{},"end":{}}],"line":17},"4":{"loc":{"start":{"line":18,"column":2},"end":{"line":18,"column":null}},"type":"if","locations":[{"start":{"line":18,"column":2},"end":{"line":18,"column":null}},{"start":{},"end":{}}],"line":18},"5":{"loc":{"start":{"line":18,"column":6},"end":{"line":18,"column":41}},"type":"binary-expr","locations":[{"start":{"line":18,"column":6},"end":{"line":18,"column":21}},{"start":{"line":18,"column":21},"end":{"line":18,"column":41}}],"line":18},"6":{"loc":{"start":{"line":21,"column":10},"end":{"line":21,"column":36}},"type":"cond-expr","locations":[{"start":{"line":21,"column":23},"end":{"line":21,"column":30}},{"start":{"line":21,"column":30},"end":{"line":21,"column":36}}],"line":21},"7":{"loc":{"start":{"line":27,"column":15},"end":{"line":27,"column":null}},"type":"binary-expr","locations":[{"start":{"line":27,"column":15},"end":{"line":27,"column":26}},{"start":{"line":27,"column":30},"end":{"line":27,"column":null}}],"line":27},"8":{"loc":{"start":{"line":28,"column":16},"end":{"line":28,"column":null}},"type":"binary-expr","locations":[{"start":{"line":28,"column":16},"end":{"line":28,"column":27}},{"start":{"line":28,"column":31},"end":{"line":28,"column":null}}],"line":28},"9":{"loc":{"start":{"line":29,"column":18},"end":{"line":29,"column":null}},"type":"binary-expr","locations":[{"start":{"line":29,"column":18},"end":{"line":29,"column":29}},{"start":{"line":29,"column":33},"end":{"line":29,"column":null}}],"line":29},"10":{"loc":{"start":{"line":37,"column":2},"end":{"line":37,"column":null}},"type":"if","locations":[{"start":{"line":37,"column":2},"end":{"line":37,"column":null}},{"start":{},"end":{}}],"line":37},"11":{"loc":{"start":{"line":46,"column":7},"end":{"line":46,"column":null}},"type":"cond-expr","locations":[{"start":{"line":46,"column":18},"end":{"line":46,"column":25}},{"start":{"line":46,"column":25},"end":{"line":46,"column":null}}],"line":46},"12":{"loc":{"start":{"line":47,"column":7},"end":{"line":47,"column":null}},"type":"cond-expr","locations":[{"start":{"line":47,"column":19},"end":{"line":47,"column":27}},{"start":{"line":47,"column":27},"end":{"line":47,"column":null}}],"line":47},"13":{"loc":{"start":{"line":48,"column":7},"end":{"line":48,"column":null}},"type":"cond-expr","locations":[{"start":{"line":48,"column":21},"end":{"line":48,"column":31}},{"start":{"line":48,"column":31},"end":{"line":48,"column":null}}],"line":48}},"s":{"0":3,"1":10,"2":10,"3":0,"4":0,"5":0,"6":0,"7":0,"8":0,"9":0,"10":0,"11":0,"12":0,"13":0,"14":0,"15":0,"16":3,"17":2,"18":2,"19":2,"20":2,"21":3,"22":5,"23":5,"24":0,"25":0,"26":0,"27":0},"f":{"0":10,"1":2,"2":5},"b":{"0":[10,0],"1":[10,10],"2":[0,0],"3":[0,0],"4":[0,0],"5":[0,0],"6":[0,0],"7":[2,0],"8":[2,2],"9":[2,2],"10":[5,0],"11":[0,0],"12":[0,0],"13":[0,0]},"meta":{"lastBranch":14,"lastFunction":3,"lastStatement":28,"seen":{"s:2:13:21:Infinity":0,"f:2:13:2:36":0,"b:3:2:3:Infinity:undefined:undefined:undefined:undefined":0,"s:3:2:3:Infinity":1,"b:3:6:3:31:3:31:3:59":1,"s:3:59:3:Infinity":2,"s:6:21:6:Infinity":3,"s:7:26:7:48":4,"s:10:15:10:49":5,"s:11:16:11:57":6,"s:12:18:12:Infinity":7,"s:15:16:15:18":8,"b:16:2:16:Infinity:undefined:undefined:undefined:undefined":2,"s:16:2:16:Infinity":9,"s:16:16:16:Infinity":10,"b:17:2:17:Infinity:undefined:undefined:undefined:undefined":3,"s:17:2:17:Infinity":11,"s:17:17:17:Infinity":12,"b:18:2:18:Infinity:undefined:undefined:undefined:undefined":4,"s:18:2:18:Infinity":13,"b:18:6:18:21:18:21:18:41":5,"s:18:41:18:Infinity":14,"s:21:2:21:Infinity":15,"b:21:23:21:30:21:30:21:36":6,"s:25:13:31:Infinity":16,"f:25:13:25:34":1,"s:27:15:27:Infinity":17,"b:27:15:27:26:27:30:27:Infinity":7,"s:28:16:28:Infinity":18,"b:28:16:28:27:28:31:28:Infinity":8,"s:29:18:29:Infinity":19,"b:29:18:29:29:29:33:29:Infinity":9,"s:31:2:31:Infinity":20,"s:35:13:49:Infinity":21,"f:35:13:35:40":2,"b:37:2:37:Infinity:undefined:undefined:undefined:undefined":10,"s:37:2:37:Infinity":22,"s:37:21:37:Infinity":23,"s:40:15:40:46":24,"s:41:16:41:54":25,"s:42:18:42:Infinity":26,"s:45:2:49:Infinity":27,"b:46:18:46:25:46:25:46:Infinity":11,"b:47:19:47:27:47:27:47:Infinity":12,"b:48:21:48:31:48:31:48:Infinity":13}}}
}
